[0.066s] Invoking command in '/home/mowerai/robot_ws/build/mowerai': CMAKE_PREFIX_PATH=${CMAKE_PREFIX_PATH}:/opt/ros/iron /usr/bin/cmake --build /home/mowerai/robot_ws/build/mowerai -- -j4 -l4
[0.214s] Invoked command in '/home/mowerai/robot_ws/build/mowerai' returned '0': CMAKE_PREFIX_PATH=${CMAKE_PREFIX_PATH}:/opt/ros/iron /usr/bin/cmake --build /home/mowerai/robot_ws/build/mowerai -- -j4 -l4
[0.376s] Invoking command in '/home/mowerai/robot_ws/build/mowerai': CMAKE_PREFIX_PATH=${CMAKE_PREFIX_PATH}:/opt/ros/iron /usr/bin/cmake --install /home/mowerai/robot_ws/build/mowerai
[0.406s] -- Install configuration: ""
[0.408s] -- Execute custom install script
[0.410s] -- Up-to-date symlink: /home/mowerai/robot_ws/install/mowerai/share/mowerai/config/empty.yaml
[0.411s] -- Up-to-date symlink: /home/mowerai/robot_ws/install/mowerai/share/mowerai/description/include.xacro
[0.412s] -- Symlinking: /home/mowerai/robot_ws/install/mowerai/share/mowerai/description/inertial_macros.xacro
[0.447s] -- Up-to-date symlink: /home/mowerai/robot_ws/install/mowerai/share/mowerai/description/mower.urdf.xacro
[0.448s] -- Up-to-date symlink: /home/mowerai/robot_ws/install/mowerai/share/mowerai/description/robot.urdf.xacro
[0.449s] -- Up-to-date symlink: /home/mowerai/robot_ws/install/mowerai/share/mowerai/launch/listener.launch.py
[0.450s] -- Up-to-date symlink: /home/mowerai/robot_ws/install/mowerai/share/mowerai/launch/rsp.launch.py
[0.451s] -- Up-to-date symlink: /home/mowerai/robot_ws/install/mowerai/share/mowerai/launch/talker.launch.py
[0.452s] -- Up-to-date symlink: /home/mowerai/robot_ws/install/mowerai/share/mowerai/worlds/empty.world
[0.454s] -- Up-to-date symlink: /home/mowerai/robot_ws/install/mowerai/share/ament_index/resource_index/package_run_dependencies/mowerai
[0.455s] -- Up-to-date symlink: /home/mowerai/robot_ws/install/mowerai/share/ament_index/resource_index/parent_prefix_path/mowerai
[0.457s] -- Up-to-date symlink: /home/mowerai/robot_ws/install/mowerai/share/mowerai/environment/ament_prefix_path.sh
[0.458s] -- Up-to-date symlink: /home/mowerai/robot_ws/install/mowerai/share/mowerai/environment/ament_prefix_path.dsv
[0.459s] -- Up-to-date symlink: /home/mowerai/robot_ws/install/mowerai/share/mowerai/environment/path.sh
[0.461s] -- Up-to-date symlink: /home/mowerai/robot_ws/install/mowerai/share/mowerai/environment/path.dsv
[0.462s] -- Up-to-date symlink: /home/mowerai/robot_ws/install/mowerai/share/mowerai/local_setup.bash
[0.463s] -- Up-to-date symlink: /home/mowerai/robot_ws/install/mowerai/share/mowerai/local_setup.sh
[0.464s] -- Up-to-date symlink: /home/mowerai/robot_ws/install/mowerai/share/mowerai/local_setup.zsh
[0.465s] -- Up-to-date symlink: /home/mowerai/robot_ws/install/mowerai/share/mowerai/local_setup.dsv
[0.465s] -- Symlinking: /home/mowerai/robot_ws/install/mowerai/share/mowerai/package.dsv
[0.500s] -- Up-to-date symlink: /home/mowerai/robot_ws/install/mowerai/share/ament_index/resource_index/packages/mowerai
[0.501s] -- Up-to-date symlink: /home/mowerai/robot_ws/install/mowerai/share/mowerai/cmake/moweraiConfig.cmake
[0.501s] -- Up-to-date symlink: /home/mowerai/robot_ws/install/mowerai/share/mowerai/cmake/moweraiConfig-version.cmake
[0.502s] -- Up-to-date symlink: /home/mowerai/robot_ws/install/mowerai/share/mowerai/package.xml
[0.509s] Invoked command in '/home/mowerai/robot_ws/build/mowerai' returned '0': CMAKE_PREFIX_PATH=${CMAKE_PREFIX_PATH}:/opt/ros/iron /usr/bin/cmake --install /home/mowerai/robot_ws/build/mowerai
