[0.059s] Invoking command in '/home/mowerai/robot_ws/build/mowerai': CMAKE_PREFIX_PATH=${CMAKE_PREFIX_PATH}:/opt/ros/iron /usr/bin/cmake /home/mowerai/robot_ws/src/mowerai -DCMAKE_INSTALL_PREFIX=/home/mowerai/robot_ws/install/mowerai
[0.140s] -- Found ament_cmake: 2.0.5 (/opt/ros/iron/share/ament_cmake/cmake)
[0.873s] -- Override CMake install command with custom implementation using symlinks instead of copying resources
[0.961s] -- Found ament_lint_auto: 0.14.3 (/opt/ros/iron/share/ament_lint_auto/cmake)
[1.321s] -- Added test 'flake8' to check Python code syntax and style conventions
[1.322s] -- Configured 'flake8' exclude dirs and/or files: 
[1.325s] -- Added test 'lint_cmake' to check CMake code style
[1.329s] -- Added test 'pep257' to check Python code against some of the docstring style conventions in PEP 257
[1.345s] -- Added test 'xmllint' to check XML markup files
[1.353s] -- Configuring done
[1.380s] -- Generating done
[1.385s] -- Build files have been written to: /home/mowerai/robot_ws/build/mowerai
[1.395s] Invoked command in '/home/mowerai/robot_ws/build/mowerai' returned '0': CMAKE_PREFIX_PATH=${CMAKE_PREFIX_PATH}:/opt/ros/iron /usr/bin/cmake /home/mowerai/robot_ws/src/mowerai -DCMAKE_INSTALL_PREFIX=/home/mowerai/robot_ws/install/mowerai
[1.406s] Invoking command in '/home/mowerai/robot_ws/build/mowerai': CMAKE_PREFIX_PATH=${CMAKE_PREFIX_PATH}:/opt/ros/iron /usr/bin/cmake --build /home/mowerai/robot_ws/build/mowerai -- -j4 -l4
[1.561s] Invoked command in '/home/mowerai/robot_ws/build/mowerai' returned '0': CMAKE_PREFIX_PATH=${CMAKE_PREFIX_PATH}:/opt/ros/iron /usr/bin/cmake --build /home/mowerai/robot_ws/build/mowerai -- -j4 -l4
[1.715s] Invoking command in '/home/mowerai/robot_ws/build/mowerai': CMAKE_PREFIX_PATH=${CMAKE_PREFIX_PATH}:/opt/ros/iron /usr/bin/cmake --install /home/mowerai/robot_ws/build/mowerai
[1.745s] -- Install configuration: ""
[1.748s] -- Execute custom install script
[1.750s] -- Up-to-date symlink: /home/mowerai/robot_ws/install/mowerai/share/mowerai/config/empty.yaml
[1.751s] -- Up-to-date symlink: /home/mowerai/robot_ws/install/mowerai/share/mowerai/description/include.xacro
[1.755s] -- Up-to-date symlink: /home/mowerai/robot_ws/install/mowerai/share/mowerai/description/inertial_macros.xacro
[1.756s] -- Up-to-date symlink: /home/mowerai/robot_ws/install/mowerai/share/mowerai/description/mower.urdf.xacro
[1.756s] -- Up-to-date symlink: /home/mowerai/robot_ws/install/mowerai/share/mowerai/description/robot.urdf.xacro
[1.757s] -- Up-to-date symlink: /home/mowerai/robot_ws/install/mowerai/share/mowerai/launch/listener.launch.py
[1.757s] -- Up-to-date symlink: /home/mowerai/robot_ws/install/mowerai/share/mowerai/launch/rsp.launch.py
[1.760s] -- Up-to-date symlink: /home/mowerai/robot_ws/install/mowerai/share/mowerai/launch/talker.launch.py
[1.761s] -- Up-to-date symlink: /home/mowerai/robot_ws/install/mowerai/share/mowerai/worlds/empty.world
[1.761s] -- Up-to-date symlink: /home/mowerai/robot_ws/install/mowerai/share/ament_index/resource_index/package_run_dependencies/mowerai
[1.762s] -- Up-to-date symlink: /home/mowerai/robot_ws/install/mowerai/share/ament_index/resource_index/parent_prefix_path/mowerai
[1.764s] -- Up-to-date symlink: /home/mowerai/robot_ws/install/mowerai/share/mowerai/environment/ament_prefix_path.sh
[1.764s] -- Up-to-date symlink: /home/mowerai/robot_ws/install/mowerai/share/mowerai/environment/ament_prefix_path.dsv
[1.765s] -- Up-to-date symlink: /home/mowerai/robot_ws/install/mowerai/share/mowerai/environment/path.sh
[1.766s] -- Up-to-date symlink: /home/mowerai/robot_ws/install/mowerai/share/mowerai/environment/path.dsv
[1.767s] -- Up-to-date symlink: /home/mowerai/robot_ws/install/mowerai/share/mowerai/local_setup.bash
[1.768s] -- Up-to-date symlink: /home/mowerai/robot_ws/install/mowerai/share/mowerai/local_setup.sh
[1.769s] -- Up-to-date symlink: /home/mowerai/robot_ws/install/mowerai/share/mowerai/local_setup.zsh
[1.770s] -- Up-to-date symlink: /home/mowerai/robot_ws/install/mowerai/share/mowerai/local_setup.dsv
[1.770s] -- Symlinking: /home/mowerai/robot_ws/install/mowerai/share/mowerai/package.dsv
[1.808s] -- Up-to-date symlink: /home/mowerai/robot_ws/install/mowerai/share/ament_index/resource_index/packages/mowerai
[1.809s] -- Up-to-date symlink: /home/mowerai/robot_ws/install/mowerai/share/mowerai/cmake/moweraiConfig.cmake
[1.809s] -- Up-to-date symlink: /home/mowerai/robot_ws/install/mowerai/share/mowerai/cmake/moweraiConfig-version.cmake
[1.810s] -- Up-to-date symlink: /home/mowerai/robot_ws/install/mowerai/share/mowerai/package.xml
[1.817s] Invoked command in '/home/mowerai/robot_ws/build/mowerai' returned '0': CMAKE_PREFIX_PATH=${CMAKE_PREFIX_PATH}:/opt/ros/iron /usr/bin/cmake --install /home/mowerai/robot_ws/build/mowerai
