[0.056s] Invoking command in '/home/mowerai/robot_ws/build/mowerai': CMAKE_PREFIX_PATH=${CMAKE_PREFIX_PATH}:/opt/ros/iron /usr/bin/cmake /home/mowerai/robot_ws/src/mowerai -DCMAKE_INSTALL_PREFIX=/home/mowerai/robot_ws/install/mowerai
[0.102s] -- Found ament_cmake: 2.0.5 (/opt/ros/iron/share/ament_cmake/cmake)
[0.783s] -- Override CMake install command with custom implementation using symlinks instead of copying resources
[0.822s] -- Found ament_lint_auto: 0.14.3 (/opt/ros/iron/share/ament_lint_auto/cmake)
[1.166s] -- Added test 'flake8' to check Python code syntax and style conventions
[1.166s] -- Configured 'flake8' exclude dirs and/or files: 
[1.170s] -- Added test 'lint_cmake' to check CMake code style
[1.173s] -- Added test 'pep257' to check Python code against some of the docstring style conventions in PEP 257
[1.186s] -- Added test 'xmllint' to check XML markup files
[1.191s] -- Configuring done
[1.212s] -- Generating done
[1.218s] -- Build files have been written to: /home/mowerai/robot_ws/build/mowerai
[1.227s] Invoked command in '/home/mowerai/robot_ws/build/mowerai' returned '0': CMAKE_PREFIX_PATH=${CMAKE_PREFIX_PATH}:/opt/ros/iron /usr/bin/cmake /home/mowerai/robot_ws/src/mowerai -DCMAKE_INSTALL_PREFIX=/home/mowerai/robot_ws/install/mowerai
[1.241s] Invoking command in '/home/mowerai/robot_ws/build/mowerai': CMAKE_PREFIX_PATH=${CMAKE_PREFIX_PATH}:/opt/ros/iron /usr/bin/cmake --build /home/mowerai/robot_ws/build/mowerai -- -j4 -l4
[1.396s] Invoked command in '/home/mowerai/robot_ws/build/mowerai' returned '0': CMAKE_PREFIX_PATH=${CMAKE_PREFIX_PATH}:/opt/ros/iron /usr/bin/cmake --build /home/mowerai/robot_ws/build/mowerai -- -j4 -l4
[1.547s] Invoking command in '/home/mowerai/robot_ws/build/mowerai': CMAKE_PREFIX_PATH=${CMAKE_PREFIX_PATH}:/opt/ros/iron /usr/bin/cmake --install /home/mowerai/robot_ws/build/mowerai
[1.574s] -- Install configuration: ""
[1.576s] -- Execute custom install script
[1.579s] -- Up-to-date symlink: /home/mowerai/robot_ws/install/mowerai/share/mowerai/config/empty.yaml
[1.580s] -- Up-to-date symlink: /home/mowerai/robot_ws/install/mowerai/share/mowerai/description/include.xacro
[1.582s] -- Up-to-date symlink: /home/mowerai/robot_ws/install/mowerai/share/mowerai/description/inertial_macros.xacro
[1.584s] -- Up-to-date symlink: /home/mowerai/robot_ws/install/mowerai/share/mowerai/description/mower.urdf.xacro
[1.584s] -- Up-to-date symlink: /home/mowerai/robot_ws/install/mowerai/share/mowerai/description/robot.urdf.xacro
[1.586s] -- Up-to-date symlink: /home/mowerai/robot_ws/install/mowerai/share/mowerai/launch/launcher.launch.py
[1.586s] -- Up-to-date symlink: /home/mowerai/robot_ws/install/mowerai/share/mowerai/launch/listener.launch.py
[1.587s] -- Up-to-date symlink: /home/mowerai/robot_ws/install/mowerai/share/mowerai/launch/rsp.launch.py
[1.588s] -- Up-to-date symlink: /home/mowerai/robot_ws/install/mowerai/share/mowerai/launch/talker.launch.py
[1.589s] -- Up-to-date symlink: /home/mowerai/robot_ws/install/mowerai/share/mowerai/worlds/empty.world
[1.591s] -- Up-to-date symlink: /home/mowerai/robot_ws/install/mowerai/share/ament_index/resource_index/package_run_dependencies/mowerai
[1.592s] -- Up-to-date symlink: /home/mowerai/robot_ws/install/mowerai/share/ament_index/resource_index/parent_prefix_path/mowerai
[1.593s] -- Up-to-date symlink: /home/mowerai/robot_ws/install/mowerai/share/mowerai/environment/ament_prefix_path.sh
[1.594s] -- Up-to-date symlink: /home/mowerai/robot_ws/install/mowerai/share/mowerai/environment/ament_prefix_path.dsv
[1.595s] -- Up-to-date symlink: /home/mowerai/robot_ws/install/mowerai/share/mowerai/environment/path.sh
[1.596s] -- Up-to-date symlink: /home/mowerai/robot_ws/install/mowerai/share/mowerai/environment/path.dsv
[1.597s] -- Up-to-date symlink: /home/mowerai/robot_ws/install/mowerai/share/mowerai/local_setup.bash
[1.598s] -- Up-to-date symlink: /home/mowerai/robot_ws/install/mowerai/share/mowerai/local_setup.sh
[1.598s] -- Up-to-date symlink: /home/mowerai/robot_ws/install/mowerai/share/mowerai/local_setup.zsh
[1.599s] -- Up-to-date symlink: /home/mowerai/robot_ws/install/mowerai/share/mowerai/local_setup.dsv
[1.600s] -- Symlinking: /home/mowerai/robot_ws/install/mowerai/share/mowerai/package.dsv
[1.635s] -- Up-to-date symlink: /home/mowerai/robot_ws/install/mowerai/share/ament_index/resource_index/packages/mowerai
[1.635s] -- Up-to-date symlink: /home/mowerai/robot_ws/install/mowerai/share/mowerai/cmake/moweraiConfig.cmake
[1.636s] -- Up-to-date symlink: /home/mowerai/robot_ws/install/mowerai/share/mowerai/cmake/moweraiConfig-version.cmake
[1.637s] -- Up-to-date symlink: /home/mowerai/robot_ws/install/mowerai/share/mowerai/package.xml
[1.645s] Invoked command in '/home/mowerai/robot_ws/build/mowerai' returned '0': CMAKE_PREFIX_PATH=${CMAKE_PREFIX_PATH}:/opt/ros/iron /usr/bin/cmake --install /home/mowerai/robot_ws/build/mowerai
