[0.062s] Invoking command in '/home/mowerai/robot_ws/build/mowerai': CMAKE_PREFIX_PATH=/opt/ros/iron /usr/bin/cmake --build /home/mowerai/robot_ws/build/mowerai -- -j4 -l4
[0.246s] -- Found ament_cmake: 2.0.5 (/opt/ros/iron/share/ament_cmake/cmake)
[0.978s] -- Override CMake install command with custom implementation using symlinks instead of copying resources
[1.063s] -- Found ament_lint_auto: 0.14.3 (/opt/ros/iron/share/ament_lint_auto/cmake)
[1.448s] -- Added test 'flake8' to check Python code syntax and style conventions
[1.448s] -- Configured 'flake8' exclude dirs and/or files: 
[1.453s] -- Added test 'lint_cmake' to check CMake code style
[1.456s] -- Added test 'pep257' to check Python code against some of the docstring style conventions in PEP 257
[1.470s] -- Added test 'xmllint' to check XML markup files
[1.480s] -- Configuring done
[1.512s] -- Generating done
[1.518s] -- Build files have been written to: /home/mowerai/robot_ws/build/mowerai
[1.599s] Invoked command in '/home/mowerai/robot_ws/build/mowerai' returned '0': CMAKE_PREFIX_PATH=/opt/ros/iron /usr/bin/cmake --build /home/mowerai/robot_ws/build/mowerai -- -j4 -l4
[1.753s] Invoking command in '/home/mowerai/robot_ws/build/mowerai': CMAKE_PREFIX_PATH=/opt/ros/iron /usr/bin/cmake --install /home/mowerai/robot_ws/build/mowerai
[1.784s] -- Install configuration: ""
[1.786s] -- Execute custom install script
[1.788s] -- Symlinking: /home/mowerai/robot_ws/install/mowerai/share/mowerai/config/empty.yaml
[1.820s] -- Symlinking: /home/mowerai/robot_ws/install/mowerai/share/mowerai/description/include.xacro
[1.855s] -- Symlinking: /home/mowerai/robot_ws/install/mowerai/share/mowerai/description/mower.urdf.xacro
[1.890s] -- Symlinking: /home/mowerai/robot_ws/install/mowerai/share/mowerai/description/robot.urdf.xacro
[1.924s] -- Up-to-date symlink: /home/mowerai/robot_ws/install/mowerai/share/mowerai/launch/listener.launch.py
[1.924s] -- Symlinking: /home/mowerai/robot_ws/install/mowerai/share/mowerai/launch/rsp.launch.py
[1.959s] -- Up-to-date symlink: /home/mowerai/robot_ws/install/mowerai/share/mowerai/launch/talker.launch.py
[1.961s] -- Symlinking: /home/mowerai/robot_ws/install/mowerai/share/mowerai/worlds/empty.world
[1.995s] -- Up-to-date symlink: /home/mowerai/robot_ws/install/mowerai/share/ament_index/resource_index/package_run_dependencies/mowerai
[1.996s] -- Up-to-date symlink: /home/mowerai/robot_ws/install/mowerai/share/ament_index/resource_index/parent_prefix_path/mowerai
[1.998s] -- Up-to-date symlink: /home/mowerai/robot_ws/install/mowerai/share/mowerai/environment/ament_prefix_path.sh
[2.000s] -- Up-to-date symlink: /home/mowerai/robot_ws/install/mowerai/share/mowerai/environment/ament_prefix_path.dsv
[2.001s] -- Up-to-date symlink: /home/mowerai/robot_ws/install/mowerai/share/mowerai/environment/path.sh
[2.003s] -- Up-to-date symlink: /home/mowerai/robot_ws/install/mowerai/share/mowerai/environment/path.dsv
[2.004s] -- Up-to-date symlink: /home/mowerai/robot_ws/install/mowerai/share/mowerai/local_setup.bash
[2.005s] -- Up-to-date symlink: /home/mowerai/robot_ws/install/mowerai/share/mowerai/local_setup.sh
[2.006s] -- Up-to-date symlink: /home/mowerai/robot_ws/install/mowerai/share/mowerai/local_setup.zsh
[2.009s] -- Up-to-date symlink: /home/mowerai/robot_ws/install/mowerai/share/mowerai/local_setup.dsv
[2.011s] -- Symlinking: /home/mowerai/robot_ws/install/mowerai/share/mowerai/package.dsv
[2.050s] -- Up-to-date symlink: /home/mowerai/robot_ws/install/mowerai/share/ament_index/resource_index/packages/mowerai
[2.051s] -- Up-to-date symlink: /home/mowerai/robot_ws/install/mowerai/share/mowerai/cmake/moweraiConfig.cmake
[2.052s] -- Up-to-date symlink: /home/mowerai/robot_ws/install/mowerai/share/mowerai/cmake/moweraiConfig-version.cmake
[2.053s] -- Up-to-date symlink: /home/mowerai/robot_ws/install/mowerai/share/mowerai/package.xml
[2.062s] Invoked command in '/home/mowerai/robot_ws/build/mowerai' returned '0': CMAKE_PREFIX_PATH=/opt/ros/iron /usr/bin/cmake --install /home/mowerai/robot_ws/build/mowerai
