[0.487s] DEBUG:colcon:Command line arguments: ['/usr/bin/colcon', 'build', '--symlink-install']
[0.487s] DEBUG:colcon:Parsed command line arguments: Namespace(log_base=None, log_level=None, verb_name='build', build_base='build', install_base='install', merge_install=False, symlink_install=True, test_result_base=None, continue_on_error=False, executor='parallel', parallel_workers=4, event_handlers=None, ignore_user_meta=False, metas=['./colcon.meta'], base_paths=['.'], packages_ignore=None, packages_ignore_regex=None, paths=None, packages_up_to=None, packages_up_to_regex=None, packages_above=None, packages_above_and_dependencies=None, packages_above_depth=None, packages_select_by_dep=None, packages_skip_by_dep=None, packages_skip_up_to=None, packages_select_build_failed=False, packages_skip_build_finished=False, packages_select_test_failures=False, packages_skip_test_passed=False, packages_select=None, packages_skip=None, packages_select_regex=None, packages_skip_regex=None, packages_start=None, packages_end=None, allow_overriding=[], cmake_args=None, cmake_target=None, cmake_target_skip_unavailable=False, cmake_clean_cache=False, cmake_clean_first=False, cmake_force_configure=False, ament_cmake_args=None, catkin_cmake_args=None, catkin_skip_building_tests=False, mixin_files=None, mixin=None, verb_parser=<colcon_mixin.mixin.mixin_argument.MixinArgumentDecorator object at 0xffffaa995960>, verb_extension=<colcon_core.verb.build.BuildVerb object at 0xffffaaa9a080>, main=<bound method BuildVerb.main of <colcon_core.verb.build.BuildVerb object at 0xffffaaa9a080>>, mixin_verb=('build',))
[1.530s] Level 1:colcon.colcon_core.package_discovery:discover_packages(colcon_meta) check parameters
[1.531s] Level 1:colcon.colcon_core.package_discovery:discover_packages(recursive) check parameters
[1.531s] Level 1:colcon.colcon_core.package_discovery:discover_packages(ignore) check parameters
[1.532s] Level 1:colcon.colcon_core.package_discovery:discover_packages(path) check parameters
[1.532s] Level 1:colcon.colcon_core.package_discovery:discover_packages(colcon_meta) discover
[1.532s] Level 1:colcon.colcon_core.package_discovery:discover_packages(recursive) discover
[1.532s] INFO:colcon.colcon_core.package_discovery:Crawling recursively for packages in '/home/mowerai/robot_ws'
[1.533s] Level 1:colcon.colcon_core.package_identification:_identify(.) by extensions ['ignore', 'ignore_ament_install']
[1.533s] Level 1:colcon.colcon_core.package_identification:_identify(.) by extension 'ignore'
[1.534s] Level 1:colcon.colcon_core.package_identification:_identify(.) by extension 'ignore_ament_install'
[1.534s] Level 1:colcon.colcon_core.package_identification:_identify(.) by extensions ['colcon_pkg']
[1.534s] Level 1:colcon.colcon_core.package_identification:_identify(.) by extension 'colcon_pkg'
[1.534s] Level 1:colcon.colcon_core.package_identification:_identify(.) by extensions ['colcon_meta']
[1.534s] Level 1:colcon.colcon_core.package_identification:_identify(.) by extension 'colcon_meta'
[1.535s] Level 1:colcon.colcon_core.package_identification:_identify(.) by extensions ['ros']
[1.535s] Level 1:colcon.colcon_core.package_identification:_identify(.) by extension 'ros'
[1.599s] Level 1:colcon.colcon_core.package_identification:_identify(.) by extensions ['cmake', 'python']
[1.599s] Level 1:colcon.colcon_core.package_identification:_identify(.) by extension 'cmake'
[1.599s] Level 1:colcon.colcon_core.package_identification:_identify(.) by extension 'python'
[1.599s] Level 1:colcon.colcon_core.package_identification:_identify(.) by extensions ['python_setup_py']
[1.599s] Level 1:colcon.colcon_core.package_identification:_identify(.) by extension 'python_setup_py'
[1.600s] Level 1:colcon.colcon_core.package_identification:_identify(build) by extensions ['ignore', 'ignore_ament_install']
[1.601s] Level 1:colcon.colcon_core.package_identification:_identify(build) by extension 'ignore'
[1.601s] Level 1:colcon.colcon_core.package_identification:_identify(build) ignored
[1.602s] Level 1:colcon.colcon_core.package_identification:_identify(install) by extensions ['ignore', 'ignore_ament_install']
[1.603s] Level 1:colcon.colcon_core.package_identification:_identify(install) by extension 'ignore'
[1.603s] Level 1:colcon.colcon_core.package_identification:_identify(install) ignored
[1.604s] Level 1:colcon.colcon_core.package_identification:_identify(log) by extensions ['ignore', 'ignore_ament_install']
[1.604s] Level 1:colcon.colcon_core.package_identification:_identify(log) by extension 'ignore'
[1.604s] Level 1:colcon.colcon_core.package_identification:_identify(log) ignored
[1.605s] Level 1:colcon.colcon_core.package_identification:_identify(src) by extensions ['ignore', 'ignore_ament_install']
[1.605s] Level 1:colcon.colcon_core.package_identification:_identify(src) by extension 'ignore'
[1.605s] Level 1:colcon.colcon_core.package_identification:_identify(src) by extension 'ignore_ament_install'
[1.605s] Level 1:colcon.colcon_core.package_identification:_identify(src) by extensions ['colcon_pkg']
[1.606s] Level 1:colcon.colcon_core.package_identification:_identify(src) by extension 'colcon_pkg'
[1.606s] Level 1:colcon.colcon_core.package_identification:_identify(src) by extensions ['colcon_meta']
[1.606s] Level 1:colcon.colcon_core.package_identification:_identify(src) by extension 'colcon_meta'
[1.606s] Level 1:colcon.colcon_core.package_identification:_identify(src) by extensions ['ros']
[1.606s] Level 1:colcon.colcon_core.package_identification:_identify(src) by extension 'ros'
[1.607s] Level 1:colcon.colcon_core.package_identification:_identify(src) by extensions ['cmake', 'python']
[1.607s] Level 1:colcon.colcon_core.package_identification:_identify(src) by extension 'cmake'
[1.607s] Level 1:colcon.colcon_core.package_identification:_identify(src) by extension 'python'
[1.607s] Level 1:colcon.colcon_core.package_identification:_identify(src) by extensions ['python_setup_py']
[1.608s] Level 1:colcon.colcon_core.package_identification:_identify(src) by extension 'python_setup_py'
[1.609s] Level 1:colcon.colcon_core.package_identification:_identify(src/mowerai) by extensions ['ignore', 'ignore_ament_install']
[1.609s] Level 1:colcon.colcon_core.package_identification:_identify(src/mowerai) by extension 'ignore'
[1.610s] Level 1:colcon.colcon_core.package_identification:_identify(src/mowerai) by extension 'ignore_ament_install'
[1.610s] Level 1:colcon.colcon_core.package_identification:_identify(src/mowerai) by extensions ['colcon_pkg']
[1.610s] Level 1:colcon.colcon_core.package_identification:_identify(src/mowerai) by extension 'colcon_pkg'
[1.611s] Level 1:colcon.colcon_core.package_identification:_identify(src/mowerai) by extensions ['colcon_meta']
[1.611s] Level 1:colcon.colcon_core.package_identification:_identify(src/mowerai) by extension 'colcon_meta'
[1.612s] Level 1:colcon.colcon_core.package_identification:_identify(src/mowerai) by extensions ['ros']
[1.612s] Level 1:colcon.colcon_core.package_identification:_identify(src/mowerai) by extension 'ros'
[1.621s] DEBUG:colcon.colcon_core.package_identification:Package 'src/mowerai' with type 'ros.ament_cmake' and name 'mowerai'
[1.621s] Level 1:colcon.colcon_core.package_discovery:discover_packages(recursive) using defaults
[1.621s] Level 1:colcon.colcon_core.package_discovery:discover_packages(ignore) discover
[1.621s] Level 1:colcon.colcon_core.package_discovery:discover_packages(ignore) using defaults
[1.622s] Level 1:colcon.colcon_core.package_discovery:discover_packages(path) discover
[1.622s] Level 1:colcon.colcon_core.package_discovery:discover_packages(path) using defaults
[1.742s] Level 1:colcon.colcon_core.package_discovery:discover_packages(prefix_path) check parameters
[1.742s] Level 1:colcon.colcon_core.package_discovery:discover_packages(prefix_path) discover
[1.751s] DEBUG:colcon.colcon_installed_package_information.package_discovery:Found 1 installed packages in /home/mowerai/robot_ws/install
[1.761s] DEBUG:colcon.colcon_installed_package_information.package_discovery:Found 284 installed packages in /opt/ros/iron
[1.768s] Level 1:colcon.colcon_core.package_discovery:discover_packages(prefix_path) using defaults
[2.036s] Level 5:colcon.colcon_core.verb:set package 'mowerai' build argument 'cmake_args' from command line to 'None'
[2.036s] Level 5:colcon.colcon_core.verb:set package 'mowerai' build argument 'cmake_target' from command line to 'None'
[2.037s] Level 5:colcon.colcon_core.verb:set package 'mowerai' build argument 'cmake_target_skip_unavailable' from command line to 'False'
[2.037s] Level 5:colcon.colcon_core.verb:set package 'mowerai' build argument 'cmake_clean_cache' from command line to 'False'
[2.037s] Level 5:colcon.colcon_core.verb:set package 'mowerai' build argument 'cmake_clean_first' from command line to 'False'
[2.037s] Level 5:colcon.colcon_core.verb:set package 'mowerai' build argument 'cmake_force_configure' from command line to 'False'
[2.038s] Level 5:colcon.colcon_core.verb:set package 'mowerai' build argument 'ament_cmake_args' from command line to 'None'
[2.038s] Level 5:colcon.colcon_core.verb:set package 'mowerai' build argument 'catkin_cmake_args' from command line to 'None'
[2.038s] Level 5:colcon.colcon_core.verb:set package 'mowerai' build argument 'catkin_skip_building_tests' from command line to 'False'
[2.038s] DEBUG:colcon.colcon_core.verb:Building package 'mowerai' with the following arguments: {'ament_cmake_args': None, 'build_base': '/home/mowerai/robot_ws/build/mowerai', 'catkin_cmake_args': None, 'catkin_skip_building_tests': False, 'cmake_args': None, 'cmake_clean_cache': False, 'cmake_clean_first': False, 'cmake_force_configure': False, 'cmake_target': None, 'cmake_target_skip_unavailable': False, 'install_base': '/home/mowerai/robot_ws/install/mowerai', 'merge_install': False, 'path': '/home/mowerai/robot_ws/src/mowerai', 'symlink_install': True, 'test_result_base': None}
[2.040s] INFO:colcon.colcon_core.executor:Executing jobs using 'parallel' executor
[2.045s] DEBUG:colcon.colcon_parallel_executor.executor.parallel:run_until_complete
[2.047s] INFO:colcon.colcon_ros.task.ament_cmake.build:Building ROS package in '/home/mowerai/robot_ws/src/mowerai' with build type 'ament_cmake'
[2.048s] INFO:colcon.colcon_cmake.task.cmake.build:Building CMake package in '/home/mowerai/robot_ws/src/mowerai'
[2.065s] INFO:colcon.colcon_core.plugin_system:Skipping extension 'colcon_core.shell.bat': Not used on non-Windows systems
[2.067s] INFO:colcon.colcon_core.shell:Skip shell extension 'powershell' for command environment: Not usable outside of PowerShell
[2.068s] DEBUG:colcon.colcon_core.shell:Skip shell extension 'dsv' for command environment
[2.149s] DEBUG:colcon.colcon_core.event_handler.log_command:Invoking command in '/home/mowerai/robot_ws/build/mowerai': CMAKE_PREFIX_PATH=${CMAKE_PREFIX_PATH}:/opt/ros/iron /usr/bin/cmake --build /home/mowerai/robot_ws/build/mowerai -- -j4 -l4
[2.345s] DEBUG:colcon.colcon_core.event_handler.log_command:Invoked command in '/home/mowerai/robot_ws/build/mowerai' returned '0': CMAKE_PREFIX_PATH=${CMAKE_PREFIX_PATH}:/opt/ros/iron /usr/bin/cmake --build /home/mowerai/robot_ws/build/mowerai -- -j4 -l4
[2.506s] DEBUG:colcon.colcon_core.event_handler.log_command:Invoking command in '/home/mowerai/robot_ws/build/mowerai': CMAKE_PREFIX_PATH=${CMAKE_PREFIX_PATH}:/opt/ros/iron /usr/bin/cmake --install /home/mowerai/robot_ws/build/mowerai
[2.632s] Level 1:colcon.colcon_core.environment:create_environment_scripts_only(mowerai)
[2.634s] DEBUG:colcon.colcon_core.event_handler.log_command:Invoked command in '/home/mowerai/robot_ws/build/mowerai' returned '0': CMAKE_PREFIX_PATH=${CMAKE_PREFIX_PATH}:/opt/ros/iron /usr/bin/cmake --install /home/mowerai/robot_ws/build/mowerai
[2.644s] Level 1:colcon.colcon_core.environment:checking '/home/mowerai/robot_ws/install/mowerai' for CMake module files
[2.647s] Level 1:colcon.colcon_core.environment:checking '/home/mowerai/robot_ws/install/mowerai' for CMake config files
[2.651s] Level 1:colcon.colcon_core.shell:create_environment_hook('mowerai', 'cmake_prefix_path')
[2.652s] INFO:colcon.colcon_core.shell:Creating environment hook '/home/mowerai/robot_ws/install/mowerai/share/mowerai/hook/cmake_prefix_path.ps1'
[2.655s] INFO:colcon.colcon_core.shell:Creating environment descriptor '/home/mowerai/robot_ws/install/mowerai/share/mowerai/hook/cmake_prefix_path.dsv'
[2.658s] INFO:colcon.colcon_core.shell:Creating environment hook '/home/mowerai/robot_ws/install/mowerai/share/mowerai/hook/cmake_prefix_path.sh'
[2.662s] Level 1:colcon.colcon_core.environment:checking '/home/mowerai/robot_ws/install/mowerai/bin'
[2.662s] Level 1:colcon.colcon_core.environment:checking '/home/mowerai/robot_ws/install/mowerai/lib/pkgconfig/mowerai.pc'
[2.663s] Level 1:colcon.colcon_core.environment:checking '/home/mowerai/robot_ws/install/mowerai/lib/python3.10/site-packages'
[2.664s] Level 1:colcon.colcon_core.environment:checking '/home/mowerai/robot_ws/install/mowerai/bin'
[2.665s] INFO:colcon.colcon_core.shell:Creating package script '/home/mowerai/robot_ws/install/mowerai/share/mowerai/package.ps1'
[2.669s] INFO:colcon.colcon_core.shell:Creating package descriptor '/home/mowerai/robot_ws/install/mowerai/share/mowerai/package.dsv'
[2.671s] INFO:colcon.colcon_core.shell:Creating package script '/home/mowerai/robot_ws/install/mowerai/share/mowerai/package.sh'
[2.674s] INFO:colcon.colcon_core.shell:Creating package script '/home/mowerai/robot_ws/install/mowerai/share/mowerai/package.bash'
[2.678s] INFO:colcon.colcon_core.shell:Creating package script '/home/mowerai/robot_ws/install/mowerai/share/mowerai/package.zsh'
[2.681s] Level 1:colcon.colcon_core.environment:create_file_with_runtime_dependencies(/home/mowerai/robot_ws/install/mowerai/share/colcon-core/packages/mowerai)
[2.795s] Level 1:colcon.colcon_core.environment:create_environment_scripts_only(mowerai)
[2.797s] Level 1:colcon.colcon_core.environment:checking '/home/mowerai/robot_ws/install/mowerai' for CMake module files
[2.801s] Level 1:colcon.colcon_core.environment:checking '/home/mowerai/robot_ws/install/mowerai' for CMake config files
[2.804s] Level 1:colcon.colcon_core.shell:create_environment_hook('mowerai', 'cmake_prefix_path')
[2.805s] INFO:colcon.colcon_core.shell:Creating environment hook '/home/mowerai/robot_ws/install/mowerai/share/mowerai/hook/cmake_prefix_path.ps1'
[2.807s] INFO:colcon.colcon_core.shell:Creating environment descriptor '/home/mowerai/robot_ws/install/mowerai/share/mowerai/hook/cmake_prefix_path.dsv'
[2.809s] INFO:colcon.colcon_core.shell:Creating environment hook '/home/mowerai/robot_ws/install/mowerai/share/mowerai/hook/cmake_prefix_path.sh'
[2.812s] Level 1:colcon.colcon_core.environment:checking '/home/mowerai/robot_ws/install/mowerai/bin'
[2.813s] Level 1:colcon.colcon_core.environment:checking '/home/mowerai/robot_ws/install/mowerai/lib/pkgconfig/mowerai.pc'
[2.814s] Level 1:colcon.colcon_core.environment:checking '/home/mowerai/robot_ws/install/mowerai/lib/python3.10/site-packages'
[2.815s] Level 1:colcon.colcon_core.environment:checking '/home/mowerai/robot_ws/install/mowerai/bin'
[2.817s] INFO:colcon.colcon_core.shell:Creating package script '/home/mowerai/robot_ws/install/mowerai/share/mowerai/package.ps1'
[2.820s] INFO:colcon.colcon_core.shell:Creating package descriptor '/home/mowerai/robot_ws/install/mowerai/share/mowerai/package.dsv'
[2.823s] INFO:colcon.colcon_core.shell:Creating package script '/home/mowerai/robot_ws/install/mowerai/share/mowerai/package.sh'
[2.826s] INFO:colcon.colcon_core.shell:Creating package script '/home/mowerai/robot_ws/install/mowerai/share/mowerai/package.bash'
[2.829s] INFO:colcon.colcon_core.shell:Creating package script '/home/mowerai/robot_ws/install/mowerai/share/mowerai/package.zsh'
[2.831s] Level 1:colcon.colcon_core.environment:create_file_with_runtime_dependencies(/home/mowerai/robot_ws/install/mowerai/share/colcon-core/packages/mowerai)
[2.833s] DEBUG:colcon.colcon_parallel_executor.executor.parallel:closing loop
[2.835s] DEBUG:colcon.colcon_parallel_executor.executor.parallel:loop closed
[2.836s] DEBUG:colcon.colcon_parallel_executor.executor.parallel:run_until_complete finished with '0'
[2.836s] DEBUG:colcon.colcon_core.event_reactor:joining thread
[2.860s] INFO:colcon.colcon_core.plugin_system:Skipping extension 'colcon_notification.desktop_notification.terminal_notifier': Not used on non-Darwin systems
[2.861s] INFO:colcon.colcon_core.plugin_system:Skipping extension 'colcon_notification.desktop_notification.win32': Not used on non-Windows systems
[2.862s] INFO:colcon.colcon_notification.desktop_notification:Sending desktop notification using 'notify2'
[2.919s] DEBUG:colcon.colcon_core.event_reactor:joined thread
[2.920s] INFO:colcon.colcon_core.shell:Creating prefix script '/home/mowerai/robot_ws/install/local_setup.ps1'
[2.924s] INFO:colcon.colcon_core.shell:Creating prefix util module '/home/mowerai/robot_ws/install/_local_setup_util_ps1.py'
[2.932s] INFO:colcon.colcon_core.shell:Creating prefix chain script '/home/mowerai/robot_ws/install/setup.ps1'
[2.939s] INFO:colcon.colcon_core.shell:Creating prefix script '/home/mowerai/robot_ws/install/local_setup.sh'
[2.941s] INFO:colcon.colcon_core.shell:Creating prefix util module '/home/mowerai/robot_ws/install/_local_setup_util_sh.py'
[2.944s] INFO:colcon.colcon_core.shell:Creating prefix chain script '/home/mowerai/robot_ws/install/setup.sh'
[2.950s] INFO:colcon.colcon_core.shell:Creating prefix script '/home/mowerai/robot_ws/install/local_setup.bash'
[2.954s] INFO:colcon.colcon_core.shell:Creating prefix chain script '/home/mowerai/robot_ws/install/setup.bash'
[2.959s] INFO:colcon.colcon_core.shell:Creating prefix script '/home/mowerai/robot_ws/install/local_setup.zsh'
[2.962s] INFO:colcon.colcon_core.shell:Creating prefix chain script '/home/mowerai/robot_ws/install/setup.zsh'
