[0.480s] DEBUG:colcon:Command line arguments: ['/usr/bin/colcon', 'build', '--symlink-install']
[0.480s] DEBUG:colcon:Parsed command line arguments: Namespace(log_base=None, log_level=None, verb_name='build', build_base='build', install_base='install', merge_install=False, symlink_install=True, test_result_base=None, continue_on_error=False, executor='parallel', parallel_workers=4, event_handlers=None, ignore_user_meta=False, metas=['./colcon.meta'], base_paths=['.'], packages_ignore=None, packages_ignore_regex=None, paths=None, packages_up_to=None, packages_up_to_regex=None, packages_above=None, packages_above_and_dependencies=None, packages_above_depth=None, packages_select_by_dep=None, packages_skip_by_dep=None, packages_skip_up_to=None, packages_select_build_failed=False, packages_skip_build_finished=False, packages_select_test_failures=False, packages_skip_test_passed=False, packages_select=None, packages_skip=None, packages_select_regex=None, packages_skip_regex=None, packages_start=None, packages_end=None, allow_overriding=[], cmake_args=None, cmake_target=None, cmake_target_skip_unavailable=False, cmake_clean_cache=False, cmake_clean_first=False, cmake_force_configure=False, ament_cmake_args=None, catkin_cmake_args=None, catkin_skip_building_tests=False, mixin_files=None, mixin=None, verb_parser=<colcon_mixin.mixin.mixin_argument.MixinArgumentDecorator object at 0xffffa51f5960>, verb_extension=<colcon_core.verb.build.BuildVerb object at 0xffffa52fa080>, main=<bound method BuildVerb.main of <colcon_core.verb.build.BuildVerb object at 0xffffa52fa080>>, mixin_verb=('build',))
[1.650s] Level 1:colcon.colcon_core.package_discovery:discover_packages(colcon_meta) check parameters
[1.651s] Level 1:colcon.colcon_core.package_discovery:discover_packages(recursive) check parameters
[1.651s] Level 1:colcon.colcon_core.package_discovery:discover_packages(ignore) check parameters
[1.651s] Level 1:colcon.colcon_core.package_discovery:discover_packages(path) check parameters
[1.651s] Level 1:colcon.colcon_core.package_discovery:discover_packages(colcon_meta) discover
[1.652s] Level 1:colcon.colcon_core.package_discovery:discover_packages(recursive) discover
[1.652s] INFO:colcon.colcon_core.package_discovery:Crawling recursively for packages in '/home/mowerai/robot_ws'
[1.653s] Level 1:colcon.colcon_core.package_identification:_identify(.) by extensions ['ignore', 'ignore_ament_install']
[1.653s] Level 1:colcon.colcon_core.package_identification:_identify(.) by extension 'ignore'
[1.653s] Level 1:colcon.colcon_core.package_identification:_identify(.) by extension 'ignore_ament_install'
[1.654s] Level 1:colcon.colcon_core.package_identification:_identify(.) by extensions ['colcon_pkg']
[1.654s] Level 1:colcon.colcon_core.package_identification:_identify(.) by extension 'colcon_pkg'
[1.654s] Level 1:colcon.colcon_core.package_identification:_identify(.) by extensions ['colcon_meta']
[1.654s] Level 1:colcon.colcon_core.package_identification:_identify(.) by extension 'colcon_meta'
[1.654s] Level 1:colcon.colcon_core.package_identification:_identify(.) by extensions ['ros']
[1.654s] Level 1:colcon.colcon_core.package_identification:_identify(.) by extension 'ros'
[1.702s] Level 1:colcon.colcon_core.package_identification:_identify(.) by extensions ['cmake', 'python']
[1.702s] Level 1:colcon.colcon_core.package_identification:_identify(.) by extension 'cmake'
[1.702s] Level 1:colcon.colcon_core.package_identification:_identify(.) by extension 'python'
[1.703s] Level 1:colcon.colcon_core.package_identification:_identify(.) by extensions ['python_setup_py']
[1.703s] Level 1:colcon.colcon_core.package_identification:_identify(.) by extension 'python_setup_py'
[1.703s] Level 1:colcon.colcon_core.package_identification:_identify(build) by extensions ['ignore', 'ignore_ament_install']
[1.704s] Level 1:colcon.colcon_core.package_identification:_identify(build) by extension 'ignore'
[1.705s] Level 1:colcon.colcon_core.package_identification:_identify(build) ignored
[1.705s] Level 1:colcon.colcon_core.package_identification:_identify(install) by extensions ['ignore', 'ignore_ament_install']
[1.706s] Level 1:colcon.colcon_core.package_identification:_identify(install) by extension 'ignore'
[1.706s] Level 1:colcon.colcon_core.package_identification:_identify(install) ignored
[1.707s] Level 1:colcon.colcon_core.package_identification:_identify(log) by extensions ['ignore', 'ignore_ament_install']
[1.707s] Level 1:colcon.colcon_core.package_identification:_identify(log) by extension 'ignore'
[1.707s] Level 1:colcon.colcon_core.package_identification:_identify(log) ignored
[1.708s] Level 1:colcon.colcon_core.package_identification:_identify(src) by extensions ['ignore', 'ignore_ament_install']
[1.708s] Level 1:colcon.colcon_core.package_identification:_identify(src) by extension 'ignore'
[1.708s] Level 1:colcon.colcon_core.package_identification:_identify(src) by extension 'ignore_ament_install'
[1.709s] Level 1:colcon.colcon_core.package_identification:_identify(src) by extensions ['colcon_pkg']
[1.709s] Level 1:colcon.colcon_core.package_identification:_identify(src) by extension 'colcon_pkg'
[1.709s] Level 1:colcon.colcon_core.package_identification:_identify(src) by extensions ['colcon_meta']
[1.709s] Level 1:colcon.colcon_core.package_identification:_identify(src) by extension 'colcon_meta'
[1.709s] Level 1:colcon.colcon_core.package_identification:_identify(src) by extensions ['ros']
[1.709s] Level 1:colcon.colcon_core.package_identification:_identify(src) by extension 'ros'
[1.710s] Level 1:colcon.colcon_core.package_identification:_identify(src) by extensions ['cmake', 'python']
[1.710s] Level 1:colcon.colcon_core.package_identification:_identify(src) by extension 'cmake'
[1.710s] Level 1:colcon.colcon_core.package_identification:_identify(src) by extension 'python'
[1.710s] Level 1:colcon.colcon_core.package_identification:_identify(src) by extensions ['python_setup_py']
[1.710s] Level 1:colcon.colcon_core.package_identification:_identify(src) by extension 'python_setup_py'
[1.711s] Level 1:colcon.colcon_core.package_identification:_identify(src/mowerai) by extensions ['ignore', 'ignore_ament_install']
[1.711s] Level 1:colcon.colcon_core.package_identification:_identify(src/mowerai) by extension 'ignore'
[1.712s] Level 1:colcon.colcon_core.package_identification:_identify(src/mowerai) by extension 'ignore_ament_install'
[1.712s] Level 1:colcon.colcon_core.package_identification:_identify(src/mowerai) by extensions ['colcon_pkg']
[1.712s] Level 1:colcon.colcon_core.package_identification:_identify(src/mowerai) by extension 'colcon_pkg'
[1.712s] Level 1:colcon.colcon_core.package_identification:_identify(src/mowerai) by extensions ['colcon_meta']
[1.712s] Level 1:colcon.colcon_core.package_identification:_identify(src/mowerai) by extension 'colcon_meta'
[1.713s] Level 1:colcon.colcon_core.package_identification:_identify(src/mowerai) by extensions ['ros']
[1.713s] Level 1:colcon.colcon_core.package_identification:_identify(src/mowerai) by extension 'ros'
[1.721s] DEBUG:colcon.colcon_core.package_identification:Package 'src/mowerai' with type 'ros.ament_cmake' and name 'mowerai'
[1.721s] Level 1:colcon.colcon_core.package_discovery:discover_packages(recursive) using defaults
[1.721s] Level 1:colcon.colcon_core.package_discovery:discover_packages(ignore) discover
[1.721s] Level 1:colcon.colcon_core.package_discovery:discover_packages(ignore) using defaults
[1.722s] Level 1:colcon.colcon_core.package_discovery:discover_packages(path) discover
[1.722s] Level 1:colcon.colcon_core.package_discovery:discover_packages(path) using defaults
[1.844s] Level 1:colcon.colcon_core.package_discovery:discover_packages(prefix_path) check parameters
[1.845s] Level 1:colcon.colcon_core.package_discovery:discover_packages(prefix_path) discover
[1.854s] DEBUG:colcon.colcon_installed_package_information.package_discovery:Found 1 installed packages in /home/mowerai/robot_ws/install
[1.863s] DEBUG:colcon.colcon_installed_package_information.package_discovery:Found 284 installed packages in /opt/ros/iron
[1.870s] Level 1:colcon.colcon_core.package_discovery:discover_packages(prefix_path) using defaults
[2.076s] Level 5:colcon.colcon_core.verb:set package 'mowerai' build argument 'cmake_args' from command line to 'None'
[2.077s] Level 5:colcon.colcon_core.verb:set package 'mowerai' build argument 'cmake_target' from command line to 'None'
[2.077s] Level 5:colcon.colcon_core.verb:set package 'mowerai' build argument 'cmake_target_skip_unavailable' from command line to 'False'
[2.077s] Level 5:colcon.colcon_core.verb:set package 'mowerai' build argument 'cmake_clean_cache' from command line to 'False'
[2.077s] Level 5:colcon.colcon_core.verb:set package 'mowerai' build argument 'cmake_clean_first' from command line to 'False'
[2.077s] Level 5:colcon.colcon_core.verb:set package 'mowerai' build argument 'cmake_force_configure' from command line to 'False'
[2.077s] Level 5:colcon.colcon_core.verb:set package 'mowerai' build argument 'ament_cmake_args' from command line to 'None'
[2.077s] Level 5:colcon.colcon_core.verb:set package 'mowerai' build argument 'catkin_cmake_args' from command line to 'None'
[2.077s] Level 5:colcon.colcon_core.verb:set package 'mowerai' build argument 'catkin_skip_building_tests' from command line to 'False'
[2.078s] DEBUG:colcon.colcon_core.verb:Building package 'mowerai' with the following arguments: {'ament_cmake_args': None, 'build_base': '/home/mowerai/robot_ws/build/mowerai', 'catkin_cmake_args': None, 'catkin_skip_building_tests': False, 'cmake_args': None, 'cmake_clean_cache': False, 'cmake_clean_first': False, 'cmake_force_configure': False, 'cmake_target': None, 'cmake_target_skip_unavailable': False, 'install_base': '/home/mowerai/robot_ws/install/mowerai', 'merge_install': False, 'path': '/home/mowerai/robot_ws/src/mowerai', 'symlink_install': True, 'test_result_base': None}
[2.078s] INFO:colcon.colcon_core.executor:Executing jobs using 'parallel' executor
[2.082s] DEBUG:colcon.colcon_parallel_executor.executor.parallel:run_until_complete
[2.083s] INFO:colcon.colcon_ros.task.ament_cmake.build:Building ROS package in '/home/mowerai/robot_ws/src/mowerai' with build type 'ament_cmake'
[2.084s] INFO:colcon.colcon_cmake.task.cmake.build:Building CMake package in '/home/mowerai/robot_ws/src/mowerai'
[2.093s] INFO:colcon.colcon_core.plugin_system:Skipping extension 'colcon_core.shell.bat': Not used on non-Windows systems
[2.095s] INFO:colcon.colcon_core.shell:Skip shell extension 'powershell' for command environment: Not usable outside of PowerShell
[2.095s] DEBUG:colcon.colcon_core.shell:Skip shell extension 'dsv' for command environment
[2.151s] DEBUG:colcon.colcon_core.event_handler.log_command:Invoking command in '/home/mowerai/robot_ws/build/mowerai': CMAKE_PREFIX_PATH=${CMAKE_PREFIX_PATH}:/opt/ros/iron /usr/bin/cmake --build /home/mowerai/robot_ws/build/mowerai -- -j4 -l4
[2.299s] DEBUG:colcon.colcon_core.event_handler.log_command:Invoked command in '/home/mowerai/robot_ws/build/mowerai' returned '0': CMAKE_PREFIX_PATH=${CMAKE_PREFIX_PATH}:/opt/ros/iron /usr/bin/cmake --build /home/mowerai/robot_ws/build/mowerai -- -j4 -l4
[2.462s] DEBUG:colcon.colcon_core.event_handler.log_command:Invoking command in '/home/mowerai/robot_ws/build/mowerai': CMAKE_PREFIX_PATH=${CMAKE_PREFIX_PATH}:/opt/ros/iron /usr/bin/cmake --install /home/mowerai/robot_ws/build/mowerai
[2.592s] Level 1:colcon.colcon_core.environment:create_environment_scripts_only(mowerai)
[2.594s] DEBUG:colcon.colcon_core.event_handler.log_command:Invoked command in '/home/mowerai/robot_ws/build/mowerai' returned '0': CMAKE_PREFIX_PATH=${CMAKE_PREFIX_PATH}:/opt/ros/iron /usr/bin/cmake --install /home/mowerai/robot_ws/build/mowerai
[2.605s] Level 1:colcon.colcon_core.environment:checking '/home/mowerai/robot_ws/install/mowerai' for CMake module files
[2.608s] Level 1:colcon.colcon_core.environment:checking '/home/mowerai/robot_ws/install/mowerai' for CMake config files
[2.612s] Level 1:colcon.colcon_core.shell:create_environment_hook('mowerai', 'cmake_prefix_path')
[2.613s] INFO:colcon.colcon_core.shell:Creating environment hook '/home/mowerai/robot_ws/install/mowerai/share/mowerai/hook/cmake_prefix_path.ps1'
[2.617s] INFO:colcon.colcon_core.shell:Creating environment descriptor '/home/mowerai/robot_ws/install/mowerai/share/mowerai/hook/cmake_prefix_path.dsv'
[2.621s] INFO:colcon.colcon_core.shell:Creating environment hook '/home/mowerai/robot_ws/install/mowerai/share/mowerai/hook/cmake_prefix_path.sh'
[2.625s] Level 1:colcon.colcon_core.environment:checking '/home/mowerai/robot_ws/install/mowerai/bin'
[2.626s] Level 1:colcon.colcon_core.environment:checking '/home/mowerai/robot_ws/install/mowerai/lib/pkgconfig/mowerai.pc'
[2.627s] Level 1:colcon.colcon_core.environment:checking '/home/mowerai/robot_ws/install/mowerai/lib/python3.10/site-packages'
[2.628s] Level 1:colcon.colcon_core.environment:checking '/home/mowerai/robot_ws/install/mowerai/bin'
[2.629s] INFO:colcon.colcon_core.shell:Creating package script '/home/mowerai/robot_ws/install/mowerai/share/mowerai/package.ps1'
[2.633s] INFO:colcon.colcon_core.shell:Creating package descriptor '/home/mowerai/robot_ws/install/mowerai/share/mowerai/package.dsv'
[2.636s] INFO:colcon.colcon_core.shell:Creating package script '/home/mowerai/robot_ws/install/mowerai/share/mowerai/package.sh'
[2.639s] INFO:colcon.colcon_core.shell:Creating package script '/home/mowerai/robot_ws/install/mowerai/share/mowerai/package.bash'
[2.642s] INFO:colcon.colcon_core.shell:Creating package script '/home/mowerai/robot_ws/install/mowerai/share/mowerai/package.zsh'
[2.646s] Level 1:colcon.colcon_core.environment:create_file_with_runtime_dependencies(/home/mowerai/robot_ws/install/mowerai/share/colcon-core/packages/mowerai)
[2.757s] Level 1:colcon.colcon_core.environment:create_environment_scripts_only(mowerai)
[2.758s] Level 1:colcon.colcon_core.environment:checking '/home/mowerai/robot_ws/install/mowerai' for CMake module files
[2.761s] Level 1:colcon.colcon_core.environment:checking '/home/mowerai/robot_ws/install/mowerai' for CMake config files
[2.765s] Level 1:colcon.colcon_core.shell:create_environment_hook('mowerai', 'cmake_prefix_path')
[2.766s] INFO:colcon.colcon_core.shell:Creating environment hook '/home/mowerai/robot_ws/install/mowerai/share/mowerai/hook/cmake_prefix_path.ps1'
[2.769s] INFO:colcon.colcon_core.shell:Creating environment descriptor '/home/mowerai/robot_ws/install/mowerai/share/mowerai/hook/cmake_prefix_path.dsv'
[2.771s] INFO:colcon.colcon_core.shell:Creating environment hook '/home/mowerai/robot_ws/install/mowerai/share/mowerai/hook/cmake_prefix_path.sh'
[2.774s] Level 1:colcon.colcon_core.environment:checking '/home/mowerai/robot_ws/install/mowerai/bin'
[2.775s] Level 1:colcon.colcon_core.environment:checking '/home/mowerai/robot_ws/install/mowerai/lib/pkgconfig/mowerai.pc'
[2.776s] Level 1:colcon.colcon_core.environment:checking '/home/mowerai/robot_ws/install/mowerai/lib/python3.10/site-packages'
[2.776s] Level 1:colcon.colcon_core.environment:checking '/home/mowerai/robot_ws/install/mowerai/bin'
[2.778s] INFO:colcon.colcon_core.shell:Creating package script '/home/mowerai/robot_ws/install/mowerai/share/mowerai/package.ps1'
[2.780s] INFO:colcon.colcon_core.shell:Creating package descriptor '/home/mowerai/robot_ws/install/mowerai/share/mowerai/package.dsv'
[2.782s] INFO:colcon.colcon_core.shell:Creating package script '/home/mowerai/robot_ws/install/mowerai/share/mowerai/package.sh'
[2.785s] INFO:colcon.colcon_core.shell:Creating package script '/home/mowerai/robot_ws/install/mowerai/share/mowerai/package.bash'
[2.787s] INFO:colcon.colcon_core.shell:Creating package script '/home/mowerai/robot_ws/install/mowerai/share/mowerai/package.zsh'
[2.789s] Level 1:colcon.colcon_core.environment:create_file_with_runtime_dependencies(/home/mowerai/robot_ws/install/mowerai/share/colcon-core/packages/mowerai)
[2.791s] DEBUG:colcon.colcon_parallel_executor.executor.parallel:closing loop
[2.792s] DEBUG:colcon.colcon_parallel_executor.executor.parallel:loop closed
[2.793s] DEBUG:colcon.colcon_parallel_executor.executor.parallel:run_until_complete finished with '0'
[2.793s] DEBUG:colcon.colcon_core.event_reactor:joining thread
[2.838s] INFO:colcon.colcon_core.plugin_system:Skipping extension 'colcon_notification.desktop_notification.terminal_notifier': Not used on non-Darwin systems
[2.838s] INFO:colcon.colcon_core.plugin_system:Skipping extension 'colcon_notification.desktop_notification.win32': Not used on non-Windows systems
[2.839s] INFO:colcon.colcon_notification.desktop_notification:Sending desktop notification using 'notify2'
[2.909s] DEBUG:colcon.colcon_core.event_reactor:joined thread
[2.911s] INFO:colcon.colcon_core.shell:Creating prefix script '/home/mowerai/robot_ws/install/local_setup.ps1'
[2.915s] INFO:colcon.colcon_core.shell:Creating prefix util module '/home/mowerai/robot_ws/install/_local_setup_util_ps1.py'
[2.922s] INFO:colcon.colcon_core.shell:Creating prefix chain script '/home/mowerai/robot_ws/install/setup.ps1'
[2.931s] INFO:colcon.colcon_core.shell:Creating prefix script '/home/mowerai/robot_ws/install/local_setup.sh'
[2.934s] INFO:colcon.colcon_core.shell:Creating prefix util module '/home/mowerai/robot_ws/install/_local_setup_util_sh.py'
[2.937s] INFO:colcon.colcon_core.shell:Creating prefix chain script '/home/mowerai/robot_ws/install/setup.sh'
[2.943s] INFO:colcon.colcon_core.shell:Creating prefix script '/home/mowerai/robot_ws/install/local_setup.bash'
[2.947s] INFO:colcon.colcon_core.shell:Creating prefix chain script '/home/mowerai/robot_ws/install/setup.bash'
[2.953s] INFO:colcon.colcon_core.shell:Creating prefix script '/home/mowerai/robot_ws/install/local_setup.zsh'
[2.957s] INFO:colcon.colcon_core.shell:Creating prefix chain script '/home/mowerai/robot_ws/install/setup.zsh'
