[0.457s] DEBUG:colcon:Command line arguments: ['/usr/bin/colcon', 'build', '--symlink-install']
[0.457s] DEBUG:colcon:Parsed command line arguments: Namespace(log_base=None, log_level=None, verb_name='build', build_base='build', install_base='install', merge_install=False, symlink_install=True, test_result_base=None, continue_on_error=False, executor='parallel', parallel_workers=4, event_handlers=None, ignore_user_meta=False, metas=['./colcon.meta'], base_paths=['.'], packages_ignore=None, packages_ignore_regex=None, paths=None, packages_up_to=None, packages_up_to_regex=None, packages_above=None, packages_above_and_dependencies=None, packages_above_depth=None, packages_select_by_dep=None, packages_skip_by_dep=None, packages_skip_up_to=None, packages_select_build_failed=False, packages_skip_build_finished=False, packages_select_test_failures=False, packages_skip_test_passed=False, packages_select=None, packages_skip=None, packages_select_regex=None, packages_skip_regex=None, packages_start=None, packages_end=None, allow_overriding=[], cmake_args=None, cmake_target=None, cmake_target_skip_unavailable=False, cmake_clean_cache=False, cmake_clean_first=False, cmake_force_configure=False, ament_cmake_args=None, catkin_cmake_args=None, catkin_skip_building_tests=False, mixin_files=None, mixin=None, verb_parser=<colcon_mixin.mixin.mixin_argument.MixinArgumentDecorator object at 0xffff9c45d750>, verb_extension=<colcon_core.verb.build.BuildVerb object at 0xffff9c57de70>, main=<bound method BuildVerb.main of <colcon_core.verb.build.BuildVerb object at 0xffff9c57de70>>, mixin_verb=('build',))
[1.498s] Level 1:colcon.colcon_core.package_discovery:discover_packages(colcon_meta) check parameters
[1.498s] Level 1:colcon.colcon_core.package_discovery:discover_packages(recursive) check parameters
[1.498s] Level 1:colcon.colcon_core.package_discovery:discover_packages(ignore) check parameters
[1.499s] Level 1:colcon.colcon_core.package_discovery:discover_packages(path) check parameters
[1.499s] Level 1:colcon.colcon_core.package_discovery:discover_packages(colcon_meta) discover
[1.499s] Level 1:colcon.colcon_core.package_discovery:discover_packages(recursive) discover
[1.499s] INFO:colcon.colcon_core.package_discovery:Crawling recursively for packages in '/home/mowerai/robot_ws'
[1.500s] Level 1:colcon.colcon_core.package_identification:_identify(.) by extensions ['ignore', 'ignore_ament_install']
[1.500s] Level 1:colcon.colcon_core.package_identification:_identify(.) by extension 'ignore'
[1.500s] Level 1:colcon.colcon_core.package_identification:_identify(.) by extension 'ignore_ament_install'
[1.501s] Level 1:colcon.colcon_core.package_identification:_identify(.) by extensions ['colcon_pkg']
[1.501s] Level 1:colcon.colcon_core.package_identification:_identify(.) by extension 'colcon_pkg'
[1.501s] Level 1:colcon.colcon_core.package_identification:_identify(.) by extensions ['colcon_meta']
[1.501s] Level 1:colcon.colcon_core.package_identification:_identify(.) by extension 'colcon_meta'
[1.501s] Level 1:colcon.colcon_core.package_identification:_identify(.) by extensions ['ros']
[1.502s] Level 1:colcon.colcon_core.package_identification:_identify(.) by extension 'ros'
[1.549s] Level 1:colcon.colcon_core.package_identification:_identify(.) by extensions ['cmake', 'python']
[1.549s] Level 1:colcon.colcon_core.package_identification:_identify(.) by extension 'cmake'
[1.549s] Level 1:colcon.colcon_core.package_identification:_identify(.) by extension 'python'
[1.549s] Level 1:colcon.colcon_core.package_identification:_identify(.) by extensions ['python_setup_py']
[1.550s] Level 1:colcon.colcon_core.package_identification:_identify(.) by extension 'python_setup_py'
[1.551s] Level 1:colcon.colcon_core.package_identification:_identify(build) by extensions ['ignore', 'ignore_ament_install']
[1.552s] Level 1:colcon.colcon_core.package_identification:_identify(build) by extension 'ignore'
[1.553s] Level 1:colcon.colcon_core.package_identification:_identify(build) ignored
[1.553s] Level 1:colcon.colcon_core.package_identification:_identify(install) by extensions ['ignore', 'ignore_ament_install']
[1.554s] Level 1:colcon.colcon_core.package_identification:_identify(install) by extension 'ignore'
[1.554s] Level 1:colcon.colcon_core.package_identification:_identify(install) ignored
[1.555s] Level 1:colcon.colcon_core.package_identification:_identify(log) by extensions ['ignore', 'ignore_ament_install']
[1.555s] Level 1:colcon.colcon_core.package_identification:_identify(log) by extension 'ignore'
[1.556s] Level 1:colcon.colcon_core.package_identification:_identify(log) ignored
[1.556s] Level 1:colcon.colcon_core.package_identification:_identify(src) by extensions ['ignore', 'ignore_ament_install']
[1.556s] Level 1:colcon.colcon_core.package_identification:_identify(src) by extension 'ignore'
[1.557s] Level 1:colcon.colcon_core.package_identification:_identify(src) by extension 'ignore_ament_install'
[1.557s] Level 1:colcon.colcon_core.package_identification:_identify(src) by extensions ['colcon_pkg']
[1.557s] Level 1:colcon.colcon_core.package_identification:_identify(src) by extension 'colcon_pkg'
[1.557s] Level 1:colcon.colcon_core.package_identification:_identify(src) by extensions ['colcon_meta']
[1.557s] Level 1:colcon.colcon_core.package_identification:_identify(src) by extension 'colcon_meta'
[1.558s] Level 1:colcon.colcon_core.package_identification:_identify(src) by extensions ['ros']
[1.558s] Level 1:colcon.colcon_core.package_identification:_identify(src) by extension 'ros'
[1.558s] Level 1:colcon.colcon_core.package_identification:_identify(src) by extensions ['cmake', 'python']
[1.558s] Level 1:colcon.colcon_core.package_identification:_identify(src) by extension 'cmake'
[1.559s] Level 1:colcon.colcon_core.package_identification:_identify(src) by extension 'python'
[1.559s] Level 1:colcon.colcon_core.package_identification:_identify(src) by extensions ['python_setup_py']
[1.559s] Level 1:colcon.colcon_core.package_identification:_identify(src) by extension 'python_setup_py'
[1.559s] Level 1:colcon.colcon_core.package_identification:_identify(src/mowerai) by extensions ['ignore', 'ignore_ament_install']
[1.560s] Level 1:colcon.colcon_core.package_identification:_identify(src/mowerai) by extension 'ignore'
[1.560s] Level 1:colcon.colcon_core.package_identification:_identify(src/mowerai) by extension 'ignore_ament_install'
[1.560s] Level 1:colcon.colcon_core.package_identification:_identify(src/mowerai) by extensions ['colcon_pkg']
[1.560s] Level 1:colcon.colcon_core.package_identification:_identify(src/mowerai) by extension 'colcon_pkg'
[1.561s] Level 1:colcon.colcon_core.package_identification:_identify(src/mowerai) by extensions ['colcon_meta']
[1.561s] Level 1:colcon.colcon_core.package_identification:_identify(src/mowerai) by extension 'colcon_meta'
[1.561s] Level 1:colcon.colcon_core.package_identification:_identify(src/mowerai) by extensions ['ros']
[1.561s] Level 1:colcon.colcon_core.package_identification:_identify(src/mowerai) by extension 'ros'
[1.574s] DEBUG:colcon.colcon_core.package_identification:Package 'src/mowerai' with type 'ros.ament_cmake' and name 'mowerai'
[1.574s] Level 1:colcon.colcon_core.package_discovery:discover_packages(recursive) using defaults
[1.574s] Level 1:colcon.colcon_core.package_discovery:discover_packages(ignore) discover
[1.575s] Level 1:colcon.colcon_core.package_discovery:discover_packages(ignore) using defaults
[1.575s] Level 1:colcon.colcon_core.package_discovery:discover_packages(path) discover
[1.575s] Level 1:colcon.colcon_core.package_discovery:discover_packages(path) using defaults
[1.656s] Level 1:colcon.colcon_core.package_discovery:discover_packages(prefix_path) check parameters
[1.656s] Level 1:colcon.colcon_core.package_discovery:discover_packages(prefix_path) discover
[1.673s] DEBUG:colcon.colcon_installed_package_information.package_discovery:Found 281 installed packages in /opt/ros/iron
[1.718s] Level 1:colcon.colcon_core.package_discovery:discover_packages(prefix_path) using defaults
[1.914s] Level 5:colcon.colcon_core.verb:set package 'mowerai' build argument 'cmake_args' from command line to 'None'
[1.914s] Level 5:colcon.colcon_core.verb:set package 'mowerai' build argument 'cmake_target' from command line to 'None'
[1.914s] Level 5:colcon.colcon_core.verb:set package 'mowerai' build argument 'cmake_target_skip_unavailable' from command line to 'False'
[1.914s] Level 5:colcon.colcon_core.verb:set package 'mowerai' build argument 'cmake_clean_cache' from command line to 'False'
[1.914s] Level 5:colcon.colcon_core.verb:set package 'mowerai' build argument 'cmake_clean_first' from command line to 'False'
[1.914s] Level 5:colcon.colcon_core.verb:set package 'mowerai' build argument 'cmake_force_configure' from command line to 'False'
[1.915s] Level 5:colcon.colcon_core.verb:set package 'mowerai' build argument 'ament_cmake_args' from command line to 'None'
[1.915s] Level 5:colcon.colcon_core.verb:set package 'mowerai' build argument 'catkin_cmake_args' from command line to 'None'
[1.915s] Level 5:colcon.colcon_core.verb:set package 'mowerai' build argument 'catkin_skip_building_tests' from command line to 'False'
[1.915s] DEBUG:colcon.colcon_core.verb:Building package 'mowerai' with the following arguments: {'ament_cmake_args': None, 'build_base': '/home/mowerai/robot_ws/build/mowerai', 'catkin_cmake_args': None, 'catkin_skip_building_tests': False, 'cmake_args': None, 'cmake_clean_cache': False, 'cmake_clean_first': False, 'cmake_force_configure': False, 'cmake_target': None, 'cmake_target_skip_unavailable': False, 'install_base': '/home/mowerai/robot_ws/install/mowerai', 'merge_install': False, 'path': '/home/mowerai/robot_ws/src/mowerai', 'symlink_install': True, 'test_result_base': None}
[1.916s] INFO:colcon.colcon_core.executor:Executing jobs using 'parallel' executor
[1.919s] DEBUG:colcon.colcon_parallel_executor.executor.parallel:run_until_complete
[1.920s] INFO:colcon.colcon_ros.task.ament_cmake.build:Building ROS package in '/home/mowerai/robot_ws/src/mowerai' with build type 'ament_cmake'
[1.921s] INFO:colcon.colcon_cmake.task.cmake.build:Building CMake package in '/home/mowerai/robot_ws/src/mowerai'
[1.929s] INFO:colcon.colcon_core.plugin_system:Skipping extension 'colcon_core.shell.bat': Not used on non-Windows systems
[1.930s] INFO:colcon.colcon_core.shell:Skip shell extension 'powershell' for command environment: Not usable outside of PowerShell
[1.930s] DEBUG:colcon.colcon_core.shell:Skip shell extension 'dsv' for command environment
[1.965s] DEBUG:colcon.colcon_core.event_handler.log_command:Invoking command in '/home/mowerai/robot_ws/build/mowerai': CMAKE_PREFIX_PATH=/opt/ros/iron /usr/bin/cmake /home/mowerai/robot_ws/src/mowerai -DAMENT_CMAKE_SYMLINK_INSTALL=1 -DCMAKE_INSTALL_PREFIX=/home/mowerai/robot_ws/install/mowerai
[6.635s] DEBUG:colcon.colcon_core.event_handler.log_command:Invoked command in '/home/mowerai/robot_ws/build/mowerai' returned '0': CMAKE_PREFIX_PATH=/opt/ros/iron /usr/bin/cmake /home/mowerai/robot_ws/src/mowerai -DAMENT_CMAKE_SYMLINK_INSTALL=1 -DCMAKE_INSTALL_PREFIX=/home/mowerai/robot_ws/install/mowerai
[6.646s] DEBUG:colcon.colcon_core.event_handler.log_command:Invoking command in '/home/mowerai/robot_ws/build/mowerai': CMAKE_PREFIX_PATH=/opt/ros/iron /usr/bin/cmake --build /home/mowerai/robot_ws/build/mowerai -- -j4 -l4
[6.841s] DEBUG:colcon.colcon_core.event_handler.log_command:Invoked command in '/home/mowerai/robot_ws/build/mowerai' returned '0': CMAKE_PREFIX_PATH=/opt/ros/iron /usr/bin/cmake --build /home/mowerai/robot_ws/build/mowerai -- -j4 -l4
[7.016s] DEBUG:colcon.colcon_core.event_handler.log_command:Invoking command in '/home/mowerai/robot_ws/build/mowerai': CMAKE_PREFIX_PATH=/opt/ros/iron /usr/bin/cmake --install /home/mowerai/robot_ws/build/mowerai
[7.819s] Level 1:colcon.colcon_core.environment:create_environment_scripts_only(mowerai)
[7.827s] DEBUG:colcon.colcon_core.event_handler.log_command:Invoked command in '/home/mowerai/robot_ws/build/mowerai' returned '0': CMAKE_PREFIX_PATH=/opt/ros/iron /usr/bin/cmake --install /home/mowerai/robot_ws/build/mowerai
[7.858s] Level 1:colcon.colcon_core.environment:checking '/home/mowerai/robot_ws/install/mowerai' for CMake module files
[7.862s] Level 1:colcon.colcon_core.environment:checking '/home/mowerai/robot_ws/install/mowerai' for CMake config files
[7.868s] Level 1:colcon.colcon_core.shell:create_environment_hook('mowerai', 'cmake_prefix_path')
[7.870s] INFO:colcon.colcon_core.shell:Creating environment hook '/home/mowerai/robot_ws/install/mowerai/share/mowerai/hook/cmake_prefix_path.ps1'
[7.875s] INFO:colcon.colcon_core.shell:Creating environment descriptor '/home/mowerai/robot_ws/install/mowerai/share/mowerai/hook/cmake_prefix_path.dsv'
[7.878s] INFO:colcon.colcon_core.shell:Creating environment hook '/home/mowerai/robot_ws/install/mowerai/share/mowerai/hook/cmake_prefix_path.sh'
[7.884s] Level 1:colcon.colcon_core.environment:checking '/home/mowerai/robot_ws/install/mowerai/bin'
[7.885s] Level 1:colcon.colcon_core.environment:checking '/home/mowerai/robot_ws/install/mowerai/lib/pkgconfig/mowerai.pc'
[7.886s] Level 1:colcon.colcon_core.environment:checking '/home/mowerai/robot_ws/install/mowerai/lib/python3.10/site-packages'
[7.888s] Level 1:colcon.colcon_core.environment:checking '/home/mowerai/robot_ws/install/mowerai/bin'
[7.891s] INFO:colcon.colcon_core.shell:Creating package script '/home/mowerai/robot_ws/install/mowerai/share/mowerai/package.ps1'
[7.898s] INFO:colcon.colcon_core.shell:Creating package descriptor '/home/mowerai/robot_ws/install/mowerai/share/mowerai/package.dsv'
[7.905s] INFO:colcon.colcon_core.shell:Creating package script '/home/mowerai/robot_ws/install/mowerai/share/mowerai/package.sh'
[7.910s] INFO:colcon.colcon_core.shell:Creating package script '/home/mowerai/robot_ws/install/mowerai/share/mowerai/package.bash'
[7.915s] INFO:colcon.colcon_core.shell:Creating package script '/home/mowerai/robot_ws/install/mowerai/share/mowerai/package.zsh'
[7.922s] Level 1:colcon.colcon_core.environment:create_file_with_runtime_dependencies(/home/mowerai/robot_ws/install/mowerai/share/colcon-core/packages/mowerai)
[8.072s] Level 1:colcon.colcon_core.environment:create_environment_scripts_only(mowerai)
[8.075s] Level 1:colcon.colcon_core.environment:checking '/home/mowerai/robot_ws/install/mowerai' for CMake module files
[8.081s] Level 1:colcon.colcon_core.environment:checking '/home/mowerai/robot_ws/install/mowerai' for CMake config files
[8.088s] Level 1:colcon.colcon_core.shell:create_environment_hook('mowerai', 'cmake_prefix_path')
[8.091s] INFO:colcon.colcon_core.shell:Creating environment hook '/home/mowerai/robot_ws/install/mowerai/share/mowerai/hook/cmake_prefix_path.ps1'
[8.097s] INFO:colcon.colcon_core.shell:Creating environment descriptor '/home/mowerai/robot_ws/install/mowerai/share/mowerai/hook/cmake_prefix_path.dsv'
[8.101s] INFO:colcon.colcon_core.shell:Creating environment hook '/home/mowerai/robot_ws/install/mowerai/share/mowerai/hook/cmake_prefix_path.sh'
[8.106s] Level 1:colcon.colcon_core.environment:checking '/home/mowerai/robot_ws/install/mowerai/bin'
[8.107s] Level 1:colcon.colcon_core.environment:checking '/home/mowerai/robot_ws/install/mowerai/lib/pkgconfig/mowerai.pc'
[8.111s] Level 1:colcon.colcon_core.environment:checking '/home/mowerai/robot_ws/install/mowerai/lib/python3.10/site-packages'
[8.114s] Level 1:colcon.colcon_core.environment:checking '/home/mowerai/robot_ws/install/mowerai/bin'
[8.116s] INFO:colcon.colcon_core.shell:Creating package script '/home/mowerai/robot_ws/install/mowerai/share/mowerai/package.ps1'
[8.122s] INFO:colcon.colcon_core.shell:Creating package descriptor '/home/mowerai/robot_ws/install/mowerai/share/mowerai/package.dsv'
[8.127s] INFO:colcon.colcon_core.shell:Creating package script '/home/mowerai/robot_ws/install/mowerai/share/mowerai/package.sh'
[8.131s] INFO:colcon.colcon_core.shell:Creating package script '/home/mowerai/robot_ws/install/mowerai/share/mowerai/package.bash'
[8.135s] INFO:colcon.colcon_core.shell:Creating package script '/home/mowerai/robot_ws/install/mowerai/share/mowerai/package.zsh'
[8.141s] Level 1:colcon.colcon_core.environment:create_file_with_runtime_dependencies(/home/mowerai/robot_ws/install/mowerai/share/colcon-core/packages/mowerai)
[8.144s] DEBUG:colcon.colcon_parallel_executor.executor.parallel:closing loop
[8.150s] DEBUG:colcon.colcon_parallel_executor.executor.parallel:loop closed
[8.150s] DEBUG:colcon.colcon_parallel_executor.executor.parallel:run_until_complete finished with '0'
[8.151s] DEBUG:colcon.colcon_core.event_reactor:joining thread
[8.210s] INFO:colcon.colcon_core.plugin_system:Skipping extension 'colcon_notification.desktop_notification.terminal_notifier': Not used on non-Darwin systems
[8.211s] INFO:colcon.colcon_core.plugin_system:Skipping extension 'colcon_notification.desktop_notification.win32': Not used on non-Windows systems
[8.212s] INFO:colcon.colcon_notification.desktop_notification:Sending desktop notification using 'notify2'
[8.342s] DEBUG:colcon.colcon_core.event_reactor:joined thread
[8.343s] INFO:colcon.colcon_core.shell:Creating prefix script '/home/mowerai/robot_ws/install/local_setup.ps1'
[8.348s] INFO:colcon.colcon_core.shell:Creating prefix util module '/home/mowerai/robot_ws/install/_local_setup_util_ps1.py'
[8.355s] INFO:colcon.colcon_core.shell:Creating prefix chain script '/home/mowerai/robot_ws/install/setup.ps1'
[8.361s] INFO:colcon.colcon_core.shell:Creating prefix script '/home/mowerai/robot_ws/install/local_setup.sh'
[8.368s] INFO:colcon.colcon_core.shell:Creating prefix util module '/home/mowerai/robot_ws/install/_local_setup_util_sh.py'
[8.375s] INFO:colcon.colcon_core.shell:Creating prefix chain script '/home/mowerai/robot_ws/install/setup.sh'
[8.384s] INFO:colcon.colcon_core.shell:Creating prefix script '/home/mowerai/robot_ws/install/local_setup.bash'
[8.388s] INFO:colcon.colcon_core.shell:Creating prefix chain script '/home/mowerai/robot_ws/install/setup.bash'
[8.394s] INFO:colcon.colcon_core.shell:Creating prefix script '/home/mowerai/robot_ws/install/local_setup.zsh'
[8.397s] INFO:colcon.colcon_core.shell:Creating prefix chain script '/home/mowerai/robot_ws/install/setup.zsh'
