[0.055s] Invoking command in '/home/mowerai/robot_ws/build/mowerai': CMAKE_PREFIX_PATH=${CMAKE_PREFIX_PATH}:/opt/ros/iron /usr/bin/cmake /home/mowerai/robot_ws/src/mowerai -DAMENT_CMAKE_SYMLINK_INSTALL=1 -DCMAKE_INSTALL_PREFIX=/home/mowerai/robot_ws/install/mowerai
[0.101s] -- Found ament_cmake: 2.0.5 (/opt/ros/iron/share/ament_cmake/cmake)
[0.792s] -- Override CMake install command with custom implementation using symlinks instead of copying resources
[0.826s] -- Found ament_lint_auto: 0.14.3 (/opt/ros/iron/share/ament_lint_auto/cmake)
[1.165s] -- Added test 'flake8' to check Python code syntax and style conventions
[1.165s] -- Configured 'flake8' exclude dirs and/or files: 
[1.169s] -- Added test 'lint_cmake' to check CMake code style
[1.172s] -- Added test 'pep257' to check Python code against some of the docstring style conventions in PEP 257
[1.184s] -- Added test 'xmllint' to check XML markup files
[1.189s] -- Configuring done
[1.210s] -- Generating done
[1.216s] -- Build files have been written to: /home/mowerai/robot_ws/build/mowerai
[1.225s] Invoked command in '/home/mowerai/robot_ws/build/mowerai' returned '0': CMAKE_PREFIX_PATH=${CMAKE_PREFIX_PATH}:/opt/ros/iron /usr/bin/cmake /home/mowerai/robot_ws/src/mowerai -DAMENT_CMAKE_SYMLINK_INSTALL=1 -DCMAKE_INSTALL_PREFIX=/home/mowerai/robot_ws/install/mowerai
[1.236s] Invoking command in '/home/mowerai/robot_ws/build/mowerai': CMAKE_PREFIX_PATH=${CMAKE_PREFIX_PATH}:/opt/ros/iron /usr/bin/cmake --build /home/mowerai/robot_ws/build/mowerai -- -j4 -l4
[1.396s] Invoked command in '/home/mowerai/robot_ws/build/mowerai' returned '0': CMAKE_PREFIX_PATH=${CMAKE_PREFIX_PATH}:/opt/ros/iron /usr/bin/cmake --build /home/mowerai/robot_ws/build/mowerai -- -j4 -l4
[1.553s] Invoking command in '/home/mowerai/robot_ws/build/mowerai': CMAKE_PREFIX_PATH=${CMAKE_PREFIX_PATH}:/opt/ros/iron /usr/bin/cmake --install /home/mowerai/robot_ws/build/mowerai
[1.583s] -- Install configuration: ""
[1.585s] -- Execute custom install script
[1.586s] -- Up-to-date symlink: /home/mowerai/robot_ws/install/mowerai/share/mowerai/config/empty.yaml
[1.588s] -- Up-to-date symlink: /home/mowerai/robot_ws/install/mowerai/share/mowerai/description/include.xacro
[1.588s] -- Up-to-date symlink: /home/mowerai/robot_ws/install/mowerai/share/mowerai/description/inertial_macros.xacro
[1.589s] -- Up-to-date symlink: /home/mowerai/robot_ws/install/mowerai/share/mowerai/description/mower.urdf.xacro
[1.590s] -- Up-to-date symlink: /home/mowerai/robot_ws/install/mowerai/share/mowerai/description/robot.urdf.xacro
[1.591s] -- Symlinking: /home/mowerai/robot_ws/install/mowerai/share/mowerai/launch/launcher.launch.py
[1.623s] -- Up-to-date symlink: /home/mowerai/robot_ws/install/mowerai/share/mowerai/launch/listener.launch.py
[1.624s] -- Up-to-date symlink: /home/mowerai/robot_ws/install/mowerai/share/mowerai/launch/rsp.launch.py
[1.624s] -- Up-to-date symlink: /home/mowerai/robot_ws/install/mowerai/share/mowerai/launch/talker.launch.py
[1.626s] -- Up-to-date symlink: /home/mowerai/robot_ws/install/mowerai/share/mowerai/worlds/empty.world
[1.627s] -- Up-to-date symlink: /home/mowerai/robot_ws/install/mowerai/share/ament_index/resource_index/package_run_dependencies/mowerai
[1.628s] -- Up-to-date symlink: /home/mowerai/robot_ws/install/mowerai/share/ament_index/resource_index/parent_prefix_path/mowerai
[1.630s] -- Up-to-date symlink: /home/mowerai/robot_ws/install/mowerai/share/mowerai/environment/ament_prefix_path.sh
[1.631s] -- Up-to-date symlink: /home/mowerai/robot_ws/install/mowerai/share/mowerai/environment/ament_prefix_path.dsv
[1.632s] -- Up-to-date symlink: /home/mowerai/robot_ws/install/mowerai/share/mowerai/environment/path.sh
[1.633s] -- Up-to-date symlink: /home/mowerai/robot_ws/install/mowerai/share/mowerai/environment/path.dsv
[1.635s] -- Up-to-date symlink: /home/mowerai/robot_ws/install/mowerai/share/mowerai/local_setup.bash
[1.636s] -- Up-to-date symlink: /home/mowerai/robot_ws/install/mowerai/share/mowerai/local_setup.sh
[1.637s] -- Up-to-date symlink: /home/mowerai/robot_ws/install/mowerai/share/mowerai/local_setup.zsh
[1.639s] -- Up-to-date symlink: /home/mowerai/robot_ws/install/mowerai/share/mowerai/local_setup.dsv
[1.640s] -- Symlinking: /home/mowerai/robot_ws/install/mowerai/share/mowerai/package.dsv
[1.673s] -- Up-to-date symlink: /home/mowerai/robot_ws/install/mowerai/share/ament_index/resource_index/packages/mowerai
[1.674s] -- Up-to-date symlink: /home/mowerai/robot_ws/install/mowerai/share/mowerai/cmake/moweraiConfig.cmake
[1.674s] -- Up-to-date symlink: /home/mowerai/robot_ws/install/mowerai/share/mowerai/cmake/moweraiConfig-version.cmake
[1.675s] -- Up-to-date symlink: /home/mowerai/robot_ws/install/mowerai/share/mowerai/package.xml
[1.682s] Invoked command in '/home/mowerai/robot_ws/build/mowerai' returned '0': CMAKE_PREFIX_PATH=${CMAKE_PREFIX_PATH}:/opt/ros/iron /usr/bin/cmake --install /home/mowerai/robot_ws/build/mowerai
