[0.784s] DEBUG:colcon:Command line arguments: ['/usr/bin/colcon', 'list', '-p', '--base-paths', '/home/mowerai/robot_ws']
[0.785s] DEBUG:colcon:Parsed command line arguments: Namespace(log_base=None, log_level=None, verb_name='list', build_base='build', ignore_user_meta=False, metas=['./colcon.meta'], base_paths=['/home/mowerai/robot_ws'], packages_ignore=None, packages_ignore_regex=None, paths=None, packages_up_to=None, packages_up_to_regex=None, packages_above=None, packages_above_and_dependencies=None, packages_above_depth=None, packages_select_by_dep=None, packages_skip_by_dep=None, packages_skip_up_to=None, packages_select_build_failed=False, packages_skip_build_finished=False, packages_select_test_failures=False, packages_skip_test_passed=False, packages_select=None, packages_skip=None, packages_select_regex=None, packages_skip_regex=None, packages_start=None, packages_end=None, allow_overriding=[], topological_order=False, names_only=False, paths_only=True, topological_graph=False, topological_graph_dot=False, topological_graph_density=False, topological_graph_legend=False, topological_graph_dot_cluster=False, topological_graph_dot_include_skipped=False, mixin_files=None, mixin=None, verb_parser=<colcon_mixin.mixin.mixin_argument.MixinArgumentDecorator object at 0xffff8e7525f0>, verb_extension=<colcon_package_information.verb.list.ListVerb object at 0xffff8e751510>, main=<bound method ListVerb.main of <colcon_package_information.verb.list.ListVerb object at 0xffff8e751510>>, mixin_verb=('list',))
[2.563s] Level 1:colcon.colcon_core.package_discovery:discover_packages(colcon_meta) check parameters
[2.563s] Level 1:colcon.colcon_core.package_discovery:discover_packages(recursive) check parameters
[2.564s] Level 1:colcon.colcon_core.package_discovery:discover_packages(ignore) check parameters
[2.564s] Level 1:colcon.colcon_core.package_discovery:discover_packages(path) check parameters
[2.565s] Level 1:colcon.colcon_core.package_discovery:discover_packages(recursive) discover
[2.565s] INFO:colcon.colcon_core.package_discovery:Crawling recursively for packages in '/home/mowerai/robot_ws'
[2.566s] Level 1:colcon.colcon_core.package_identification:_identify(/home/mowerai/robot_ws) by extensions ['ignore', 'ignore_ament_install']
[2.566s] Level 1:colcon.colcon_core.package_identification:_identify(/home/mowerai/robot_ws) by extension 'ignore'
[2.567s] Level 1:colcon.colcon_core.package_identification:_identify(/home/mowerai/robot_ws) by extension 'ignore_ament_install'
[2.567s] Level 1:colcon.colcon_core.package_identification:_identify(/home/mowerai/robot_ws) by extensions ['colcon_pkg']
[2.568s] Level 1:colcon.colcon_core.package_identification:_identify(/home/mowerai/robot_ws) by extension 'colcon_pkg'
[2.568s] Level 1:colcon.colcon_core.package_identification:_identify(/home/mowerai/robot_ws) by extensions ['colcon_meta']
[2.569s] Level 1:colcon.colcon_core.package_identification:_identify(/home/mowerai/robot_ws) by extension 'colcon_meta'
[2.569s] Level 1:colcon.colcon_core.package_identification:_identify(/home/mowerai/robot_ws) by extensions ['ros']
[2.570s] Level 1:colcon.colcon_core.package_identification:_identify(/home/mowerai/robot_ws) by extension 'ros'
[2.660s] Level 1:colcon.colcon_core.package_identification:_identify(/home/mowerai/robot_ws) by extensions ['cmake', 'python']
[2.661s] Level 1:colcon.colcon_core.package_identification:_identify(/home/mowerai/robot_ws) by extension 'cmake'
[2.662s] Level 1:colcon.colcon_core.package_identification:_identify(/home/mowerai/robot_ws) by extension 'python'
[2.663s] Level 1:colcon.colcon_core.package_identification:_identify(/home/mowerai/robot_ws) by extensions ['python_setup_py']
[2.663s] Level 1:colcon.colcon_core.package_identification:_identify(/home/mowerai/robot_ws) by extension 'python_setup_py'
[2.665s] Level 1:colcon.colcon_core.package_identification:_identify(/home/mowerai/robot_ws/build) by extensions ['ignore', 'ignore_ament_install']
[2.666s] Level 1:colcon.colcon_core.package_identification:_identify(/home/mowerai/robot_ws/build) by extension 'ignore'
[2.667s] Level 1:colcon.colcon_core.package_identification:_identify(/home/mowerai/robot_ws/build) ignored
[2.670s] Level 1:colcon.colcon_core.package_identification:_identify(/home/mowerai/robot_ws/install) by extensions ['ignore', 'ignore_ament_install']
[2.671s] Level 1:colcon.colcon_core.package_identification:_identify(/home/mowerai/robot_ws/install) by extension 'ignore'
[2.672s] Level 1:colcon.colcon_core.package_identification:_identify(/home/mowerai/robot_ws/install) ignored
[2.673s] Level 1:colcon.colcon_core.package_identification:_identify(/home/mowerai/robot_ws/log) by extensions ['ignore', 'ignore_ament_install']
[2.674s] Level 1:colcon.colcon_core.package_identification:_identify(/home/mowerai/robot_ws/log) by extension 'ignore'
[2.675s] Level 1:colcon.colcon_core.package_identification:_identify(/home/mowerai/robot_ws/log) ignored
[2.676s] Level 1:colcon.colcon_core.package_identification:_identify(/home/mowerai/robot_ws/src) by extensions ['ignore', 'ignore_ament_install']
[2.677s] Level 1:colcon.colcon_core.package_identification:_identify(/home/mowerai/robot_ws/src) by extension 'ignore'
[2.677s] Level 1:colcon.colcon_core.package_identification:_identify(/home/mowerai/robot_ws/src) by extension 'ignore_ament_install'
[2.678s] Level 1:colcon.colcon_core.package_identification:_identify(/home/mowerai/robot_ws/src) by extensions ['colcon_pkg']
[2.678s] Level 1:colcon.colcon_core.package_identification:_identify(/home/mowerai/robot_ws/src) by extension 'colcon_pkg'
[2.679s] Level 1:colcon.colcon_core.package_identification:_identify(/home/mowerai/robot_ws/src) by extensions ['colcon_meta']
[2.679s] Level 1:colcon.colcon_core.package_identification:_identify(/home/mowerai/robot_ws/src) by extension 'colcon_meta'
[2.680s] Level 1:colcon.colcon_core.package_identification:_identify(/home/mowerai/robot_ws/src) by extensions ['ros']
[2.681s] Level 1:colcon.colcon_core.package_identification:_identify(/home/mowerai/robot_ws/src) by extension 'ros'
[2.681s] Level 1:colcon.colcon_core.package_identification:_identify(/home/mowerai/robot_ws/src) by extensions ['cmake', 'python']
[2.682s] Level 1:colcon.colcon_core.package_identification:_identify(/home/mowerai/robot_ws/src) by extension 'cmake'
[2.682s] Level 1:colcon.colcon_core.package_identification:_identify(/home/mowerai/robot_ws/src) by extension 'python'
[2.683s] Level 1:colcon.colcon_core.package_identification:_identify(/home/mowerai/robot_ws/src) by extensions ['python_setup_py']
[2.683s] Level 1:colcon.colcon_core.package_identification:_identify(/home/mowerai/robot_ws/src) by extension 'python_setup_py'
[2.685s] Level 1:colcon.colcon_core.package_identification:_identify(/home/mowerai/robot_ws/src/mowerai) by extensions ['ignore', 'ignore_ament_install']
[2.686s] Level 1:colcon.colcon_core.package_identification:_identify(/home/mowerai/robot_ws/src/mowerai) by extension 'ignore'
[2.686s] Level 1:colcon.colcon_core.package_identification:_identify(/home/mowerai/robot_ws/src/mowerai) by extension 'ignore_ament_install'
[2.687s] Level 1:colcon.colcon_core.package_identification:_identify(/home/mowerai/robot_ws/src/mowerai) by extensions ['colcon_pkg']
[2.687s] Level 1:colcon.colcon_core.package_identification:_identify(/home/mowerai/robot_ws/src/mowerai) by extension 'colcon_pkg'
[2.688s] Level 1:colcon.colcon_core.package_identification:_identify(/home/mowerai/robot_ws/src/mowerai) by extensions ['colcon_meta']
[2.688s] Level 1:colcon.colcon_core.package_identification:_identify(/home/mowerai/robot_ws/src/mowerai) by extension 'colcon_meta'
[2.689s] Level 1:colcon.colcon_core.package_identification:_identify(/home/mowerai/robot_ws/src/mowerai) by extensions ['ros']
[2.689s] Level 1:colcon.colcon_core.package_identification:_identify(/home/mowerai/robot_ws/src/mowerai) by extension 'ros'
[2.705s] DEBUG:colcon.colcon_core.package_identification:Package '/home/mowerai/robot_ws/src/mowerai' with type 'ros.ament_cmake' and name 'mowerai'
[2.705s] Level 1:colcon.colcon_core.package_discovery:discover_packages(recursive) using defaults
