[0.493s] DEBUG:colcon:Command line arguments: ['/usr/bin/colcon', 'build', '--symlink-install']
[0.494s] DEBUG:colcon:Parsed command line arguments: Namespace(log_base=None, log_level=None, verb_name='build', build_base='build', install_base='install', merge_install=False, symlink_install=True, test_result_base=None, continue_on_error=False, executor='parallel', parallel_workers=4, event_handlers=None, ignore_user_meta=False, metas=['./colcon.meta'], base_paths=['.'], packages_ignore=None, packages_ignore_regex=None, paths=None, packages_up_to=None, packages_up_to_regex=None, packages_above=None, packages_above_and_dependencies=None, packages_above_depth=None, packages_select_by_dep=None, packages_skip_by_dep=None, packages_skip_up_to=None, packages_select_build_failed=False, packages_skip_build_finished=False, packages_select_test_failures=False, packages_skip_test_passed=False, packages_select=None, packages_skip=None, packages_select_regex=None, packages_skip_regex=None, packages_start=None, packages_end=None, allow_overriding=[], cmake_args=None, cmake_target=None, cmake_target_skip_unavailable=False, cmake_clean_cache=False, cmake_clean_first=False, cmake_force_configure=False, ament_cmake_args=None, catkin_cmake_args=None, catkin_skip_building_tests=False, mixin_files=None, mixin=None, verb_parser=<colcon_mixin.mixin.mixin_argument.MixinArgumentDecorator object at 0xffff888f5960>, verb_extension=<colcon_core.verb.build.BuildVerb object at 0xffff889f6080>, main=<bound method BuildVerb.main of <colcon_core.verb.build.BuildVerb object at 0xffff889f6080>>, mixin_verb=('build',))
[1.353s] Level 1:colcon.colcon_core.package_discovery:discover_packages(colcon_meta) check parameters
[1.353s] Level 1:colcon.colcon_core.package_discovery:discover_packages(recursive) check parameters
[1.353s] Level 1:colcon.colcon_core.package_discovery:discover_packages(ignore) check parameters
[1.354s] Level 1:colcon.colcon_core.package_discovery:discover_packages(path) check parameters
[1.354s] Level 1:colcon.colcon_core.package_discovery:discover_packages(colcon_meta) discover
[1.354s] Level 1:colcon.colcon_core.package_discovery:discover_packages(recursive) discover
[1.354s] INFO:colcon.colcon_core.package_discovery:Crawling recursively for packages in '/home/mowerai/robot_ws'
[1.355s] Level 1:colcon.colcon_core.package_identification:_identify(.) by extensions ['ignore', 'ignore_ament_install']
[1.355s] Level 1:colcon.colcon_core.package_identification:_identify(.) by extension 'ignore'
[1.355s] Level 1:colcon.colcon_core.package_identification:_identify(.) by extension 'ignore_ament_install'
[1.356s] Level 1:colcon.colcon_core.package_identification:_identify(.) by extensions ['colcon_pkg']
[1.356s] Level 1:colcon.colcon_core.package_identification:_identify(.) by extension 'colcon_pkg'
[1.356s] Level 1:colcon.colcon_core.package_identification:_identify(.) by extensions ['colcon_meta']
[1.356s] Level 1:colcon.colcon_core.package_identification:_identify(.) by extension 'colcon_meta'
[1.356s] Level 1:colcon.colcon_core.package_identification:_identify(.) by extensions ['ros']
[1.356s] Level 1:colcon.colcon_core.package_identification:_identify(.) by extension 'ros'
[1.403s] Level 1:colcon.colcon_core.package_identification:_identify(.) by extensions ['cmake', 'python']
[1.403s] Level 1:colcon.colcon_core.package_identification:_identify(.) by extension 'cmake'
[1.403s] Level 1:colcon.colcon_core.package_identification:_identify(.) by extension 'python'
[1.403s] Level 1:colcon.colcon_core.package_identification:_identify(.) by extensions ['python_setup_py']
[1.403s] Level 1:colcon.colcon_core.package_identification:_identify(.) by extension 'python_setup_py'
[1.404s] Level 1:colcon.colcon_core.package_identification:_identify(build) by extensions ['ignore', 'ignore_ament_install']
[1.405s] Level 1:colcon.colcon_core.package_identification:_identify(build) by extension 'ignore'
[1.405s] Level 1:colcon.colcon_core.package_identification:_identify(build) ignored
[1.406s] Level 1:colcon.colcon_core.package_identification:_identify(install) by extensions ['ignore', 'ignore_ament_install']
[1.406s] Level 1:colcon.colcon_core.package_identification:_identify(install) by extension 'ignore'
[1.407s] Level 1:colcon.colcon_core.package_identification:_identify(install) ignored
[1.407s] Level 1:colcon.colcon_core.package_identification:_identify(log) by extensions ['ignore', 'ignore_ament_install']
[1.408s] Level 1:colcon.colcon_core.package_identification:_identify(log) by extension 'ignore'
[1.408s] Level 1:colcon.colcon_core.package_identification:_identify(log) ignored
[1.408s] Level 1:colcon.colcon_core.package_identification:_identify(src) by extensions ['ignore', 'ignore_ament_install']
[1.409s] Level 1:colcon.colcon_core.package_identification:_identify(src) by extension 'ignore'
[1.409s] Level 1:colcon.colcon_core.package_identification:_identify(src) by extension 'ignore_ament_install'
[1.409s] Level 1:colcon.colcon_core.package_identification:_identify(src) by extensions ['colcon_pkg']
[1.409s] Level 1:colcon.colcon_core.package_identification:_identify(src) by extension 'colcon_pkg'
[1.410s] Level 1:colcon.colcon_core.package_identification:_identify(src) by extensions ['colcon_meta']
[1.410s] Level 1:colcon.colcon_core.package_identification:_identify(src) by extension 'colcon_meta'
[1.410s] Level 1:colcon.colcon_core.package_identification:_identify(src) by extensions ['ros']
[1.410s] Level 1:colcon.colcon_core.package_identification:_identify(src) by extension 'ros'
[1.410s] Level 1:colcon.colcon_core.package_identification:_identify(src) by extensions ['cmake', 'python']
[1.410s] Level 1:colcon.colcon_core.package_identification:_identify(src) by extension 'cmake'
[1.411s] Level 1:colcon.colcon_core.package_identification:_identify(src) by extension 'python'
[1.411s] Level 1:colcon.colcon_core.package_identification:_identify(src) by extensions ['python_setup_py']
[1.411s] Level 1:colcon.colcon_core.package_identification:_identify(src) by extension 'python_setup_py'
[1.412s] Level 1:colcon.colcon_core.package_identification:_identify(src/mowerai) by extensions ['ignore', 'ignore_ament_install']
[1.412s] Level 1:colcon.colcon_core.package_identification:_identify(src/mowerai) by extension 'ignore'
[1.412s] Level 1:colcon.colcon_core.package_identification:_identify(src/mowerai) by extension 'ignore_ament_install'
[1.413s] Level 1:colcon.colcon_core.package_identification:_identify(src/mowerai) by extensions ['colcon_pkg']
[1.413s] Level 1:colcon.colcon_core.package_identification:_identify(src/mowerai) by extension 'colcon_pkg'
[1.413s] Level 1:colcon.colcon_core.package_identification:_identify(src/mowerai) by extensions ['colcon_meta']
[1.413s] Level 1:colcon.colcon_core.package_identification:_identify(src/mowerai) by extension 'colcon_meta'
[1.413s] Level 1:colcon.colcon_core.package_identification:_identify(src/mowerai) by extensions ['ros']
[1.413s] Level 1:colcon.colcon_core.package_identification:_identify(src/mowerai) by extension 'ros'
[1.421s] DEBUG:colcon.colcon_core.package_identification:Package 'src/mowerai' with type 'ros.ament_cmake' and name 'mowerai'
[1.422s] Level 1:colcon.colcon_core.package_discovery:discover_packages(recursive) using defaults
[1.422s] Level 1:colcon.colcon_core.package_discovery:discover_packages(ignore) discover
[1.422s] Level 1:colcon.colcon_core.package_discovery:discover_packages(ignore) using defaults
[1.422s] Level 1:colcon.colcon_core.package_discovery:discover_packages(path) discover
[1.422s] Level 1:colcon.colcon_core.package_discovery:discover_packages(path) using defaults
[1.544s] Level 1:colcon.colcon_core.package_discovery:discover_packages(prefix_path) check parameters
[1.544s] Level 1:colcon.colcon_core.package_discovery:discover_packages(prefix_path) discover
[1.554s] DEBUG:colcon.colcon_installed_package_information.package_discovery:Found 1 installed packages in /home/mowerai/robot_ws/install
[1.563s] DEBUG:colcon.colcon_installed_package_information.package_discovery:Found 284 installed packages in /opt/ros/iron
[1.570s] Level 1:colcon.colcon_core.package_discovery:discover_packages(prefix_path) using defaults
[1.829s] Level 5:colcon.colcon_core.verb:set package 'mowerai' build argument 'cmake_args' from command line to 'None'
[1.830s] Level 5:colcon.colcon_core.verb:set package 'mowerai' build argument 'cmake_target' from command line to 'None'
[1.830s] Level 5:colcon.colcon_core.verb:set package 'mowerai' build argument 'cmake_target_skip_unavailable' from command line to 'False'
[1.830s] Level 5:colcon.colcon_core.verb:set package 'mowerai' build argument 'cmake_clean_cache' from command line to 'False'
[1.831s] Level 5:colcon.colcon_core.verb:set package 'mowerai' build argument 'cmake_clean_first' from command line to 'False'
[1.831s] Level 5:colcon.colcon_core.verb:set package 'mowerai' build argument 'cmake_force_configure' from command line to 'False'
[1.831s] Level 5:colcon.colcon_core.verb:set package 'mowerai' build argument 'ament_cmake_args' from command line to 'None'
[1.831s] Level 5:colcon.colcon_core.verb:set package 'mowerai' build argument 'catkin_cmake_args' from command line to 'None'
[1.832s] Level 5:colcon.colcon_core.verb:set package 'mowerai' build argument 'catkin_skip_building_tests' from command line to 'False'
[1.832s] DEBUG:colcon.colcon_core.verb:Building package 'mowerai' with the following arguments: {'ament_cmake_args': None, 'build_base': '/home/mowerai/robot_ws/build/mowerai', 'catkin_cmake_args': None, 'catkin_skip_building_tests': False, 'cmake_args': None, 'cmake_clean_cache': False, 'cmake_clean_first': False, 'cmake_force_configure': False, 'cmake_target': None, 'cmake_target_skip_unavailable': False, 'install_base': '/home/mowerai/robot_ws/install/mowerai', 'merge_install': False, 'path': '/home/mowerai/robot_ws/src/mowerai', 'symlink_install': True, 'test_result_base': None}
[1.833s] INFO:colcon.colcon_core.executor:Executing jobs using 'parallel' executor
[1.840s] DEBUG:colcon.colcon_parallel_executor.executor.parallel:run_until_complete
[1.841s] INFO:colcon.colcon_ros.task.ament_cmake.build:Building ROS package in '/home/mowerai/robot_ws/src/mowerai' with build type 'ament_cmake'
[1.843s] INFO:colcon.colcon_cmake.task.cmake.build:Building CMake package in '/home/mowerai/robot_ws/src/mowerai'
[1.851s] INFO:colcon.colcon_core.plugin_system:Skipping extension 'colcon_core.shell.bat': Not used on non-Windows systems
[1.852s] INFO:colcon.colcon_core.shell:Skip shell extension 'powershell' for command environment: Not usable outside of PowerShell
[1.852s] DEBUG:colcon.colcon_core.shell:Skip shell extension 'dsv' for command environment
[1.909s] DEBUG:colcon.colcon_core.event_handler.log_command:Invoking command in '/home/mowerai/robot_ws/build/mowerai': CMAKE_PREFIX_PATH=${CMAKE_PREFIX_PATH}:/opt/ros/iron /usr/bin/cmake --build /home/mowerai/robot_ws/build/mowerai -- -j4 -l4
[2.149s] DEBUG:colcon.colcon_core.event_handler.log_command:Invoked command in '/home/mowerai/robot_ws/build/mowerai' returned '0': CMAKE_PREFIX_PATH=${CMAKE_PREFIX_PATH}:/opt/ros/iron /usr/bin/cmake --build /home/mowerai/robot_ws/build/mowerai -- -j4 -l4
[2.342s] DEBUG:colcon.colcon_core.event_handler.log_command:Invoking command in '/home/mowerai/robot_ws/build/mowerai': CMAKE_PREFIX_PATH=${CMAKE_PREFIX_PATH}:/opt/ros/iron /usr/bin/cmake --install /home/mowerai/robot_ws/build/mowerai
[2.438s] Level 1:colcon.colcon_core.environment:create_environment_scripts_only(mowerai)
[2.440s] DEBUG:colcon.colcon_core.event_handler.log_command:Invoked command in '/home/mowerai/robot_ws/build/mowerai' returned '0': CMAKE_PREFIX_PATH=${CMAKE_PREFIX_PATH}:/opt/ros/iron /usr/bin/cmake --install /home/mowerai/robot_ws/build/mowerai
[2.452s] Level 1:colcon.colcon_core.environment:checking '/home/mowerai/robot_ws/install/mowerai' for CMake module files
[2.455s] Level 1:colcon.colcon_core.environment:checking '/home/mowerai/robot_ws/install/mowerai' for CMake config files
[2.458s] Level 1:colcon.colcon_core.shell:create_environment_hook('mowerai', 'cmake_prefix_path')
[2.459s] INFO:colcon.colcon_core.shell:Creating environment hook '/home/mowerai/robot_ws/install/mowerai/share/mowerai/hook/cmake_prefix_path.ps1'
[2.462s] INFO:colcon.colcon_core.shell:Creating environment descriptor '/home/mowerai/robot_ws/install/mowerai/share/mowerai/hook/cmake_prefix_path.dsv'
[2.465s] INFO:colcon.colcon_core.shell:Creating environment hook '/home/mowerai/robot_ws/install/mowerai/share/mowerai/hook/cmake_prefix_path.sh'
[2.469s] Level 1:colcon.colcon_core.environment:checking '/home/mowerai/robot_ws/install/mowerai/bin'
[2.469s] Level 1:colcon.colcon_core.environment:checking '/home/mowerai/robot_ws/install/mowerai/lib/pkgconfig/mowerai.pc'
[2.470s] Level 1:colcon.colcon_core.environment:checking '/home/mowerai/robot_ws/install/mowerai/lib/python3.10/site-packages'
[2.471s] Level 1:colcon.colcon_core.environment:checking '/home/mowerai/robot_ws/install/mowerai/bin'
[2.473s] INFO:colcon.colcon_core.shell:Creating package script '/home/mowerai/robot_ws/install/mowerai/share/mowerai/package.ps1'
[2.477s] INFO:colcon.colcon_core.shell:Creating package descriptor '/home/mowerai/robot_ws/install/mowerai/share/mowerai/package.dsv'
[2.481s] INFO:colcon.colcon_core.shell:Creating package script '/home/mowerai/robot_ws/install/mowerai/share/mowerai/package.sh'
[2.484s] INFO:colcon.colcon_core.shell:Creating package script '/home/mowerai/robot_ws/install/mowerai/share/mowerai/package.bash'
[2.488s] INFO:colcon.colcon_core.shell:Creating package script '/home/mowerai/robot_ws/install/mowerai/share/mowerai/package.zsh'
[2.491s] Level 1:colcon.colcon_core.environment:create_file_with_runtime_dependencies(/home/mowerai/robot_ws/install/mowerai/share/colcon-core/packages/mowerai)
[2.604s] Level 1:colcon.colcon_core.environment:create_environment_scripts_only(mowerai)
[2.606s] Level 1:colcon.colcon_core.environment:checking '/home/mowerai/robot_ws/install/mowerai' for CMake module files
[2.609s] Level 1:colcon.colcon_core.environment:checking '/home/mowerai/robot_ws/install/mowerai' for CMake config files
[2.613s] Level 1:colcon.colcon_core.shell:create_environment_hook('mowerai', 'cmake_prefix_path')
[2.615s] INFO:colcon.colcon_core.shell:Creating environment hook '/home/mowerai/robot_ws/install/mowerai/share/mowerai/hook/cmake_prefix_path.ps1'
[2.617s] INFO:colcon.colcon_core.shell:Creating environment descriptor '/home/mowerai/robot_ws/install/mowerai/share/mowerai/hook/cmake_prefix_path.dsv'
[2.620s] INFO:colcon.colcon_core.shell:Creating environment hook '/home/mowerai/robot_ws/install/mowerai/share/mowerai/hook/cmake_prefix_path.sh'
[2.624s] Level 1:colcon.colcon_core.environment:checking '/home/mowerai/robot_ws/install/mowerai/bin'
[2.625s] Level 1:colcon.colcon_core.environment:checking '/home/mowerai/robot_ws/install/mowerai/lib/pkgconfig/mowerai.pc'
[2.626s] Level 1:colcon.colcon_core.environment:checking '/home/mowerai/robot_ws/install/mowerai/lib/python3.10/site-packages'
[2.627s] Level 1:colcon.colcon_core.environment:checking '/home/mowerai/robot_ws/install/mowerai/bin'
[2.628s] INFO:colcon.colcon_core.shell:Creating package script '/home/mowerai/robot_ws/install/mowerai/share/mowerai/package.ps1'
[2.631s] INFO:colcon.colcon_core.shell:Creating package descriptor '/home/mowerai/robot_ws/install/mowerai/share/mowerai/package.dsv'
[2.634s] INFO:colcon.colcon_core.shell:Creating package script '/home/mowerai/robot_ws/install/mowerai/share/mowerai/package.sh'
[2.637s] INFO:colcon.colcon_core.shell:Creating package script '/home/mowerai/robot_ws/install/mowerai/share/mowerai/package.bash'
[2.639s] INFO:colcon.colcon_core.shell:Creating package script '/home/mowerai/robot_ws/install/mowerai/share/mowerai/package.zsh'
[2.641s] Level 1:colcon.colcon_core.environment:create_file_with_runtime_dependencies(/home/mowerai/robot_ws/install/mowerai/share/colcon-core/packages/mowerai)
[2.643s] DEBUG:colcon.colcon_parallel_executor.executor.parallel:closing loop
[2.644s] DEBUG:colcon.colcon_parallel_executor.executor.parallel:loop closed
[2.645s] DEBUG:colcon.colcon_parallel_executor.executor.parallel:run_until_complete finished with '0'
[2.645s] DEBUG:colcon.colcon_core.event_reactor:joining thread
[2.668s] INFO:colcon.colcon_core.plugin_system:Skipping extension 'colcon_notification.desktop_notification.terminal_notifier': Not used on non-Darwin systems
[2.669s] INFO:colcon.colcon_core.plugin_system:Skipping extension 'colcon_notification.desktop_notification.win32': Not used on non-Windows systems
[2.670s] INFO:colcon.colcon_notification.desktop_notification:Sending desktop notification using 'notify2'
[2.726s] DEBUG:colcon.colcon_core.event_reactor:joined thread
[2.728s] INFO:colcon.colcon_core.shell:Creating prefix script '/home/mowerai/robot_ws/install/local_setup.ps1'
[2.732s] INFO:colcon.colcon_core.shell:Creating prefix util module '/home/mowerai/robot_ws/install/_local_setup_util_ps1.py'
[2.740s] INFO:colcon.colcon_core.shell:Creating prefix chain script '/home/mowerai/robot_ws/install/setup.ps1'
[2.745s] INFO:colcon.colcon_core.shell:Creating prefix script '/home/mowerai/robot_ws/install/local_setup.sh'
[2.749s] INFO:colcon.colcon_core.shell:Creating prefix util module '/home/mowerai/robot_ws/install/_local_setup_util_sh.py'
[2.752s] INFO:colcon.colcon_core.shell:Creating prefix chain script '/home/mowerai/robot_ws/install/setup.sh'
[2.760s] INFO:colcon.colcon_core.shell:Creating prefix script '/home/mowerai/robot_ws/install/local_setup.bash'
[2.763s] INFO:colcon.colcon_core.shell:Creating prefix chain script '/home/mowerai/robot_ws/install/setup.bash'
[2.768s] INFO:colcon.colcon_core.shell:Creating prefix script '/home/mowerai/robot_ws/install/local_setup.zsh'
[2.771s] INFO:colcon.colcon_core.shell:Creating prefix chain script '/home/mowerai/robot_ws/install/setup.zsh'
